#
# A fatal error has been detected by the Java Runtime Environment:
#
#  SIGFPE (0x8) at pc=0x0000000110ea4ac8, pid=42980, tid=0x0000000000002703
#
# JRE version: Java(TM) SE Runtime Environment (8.0_111-b14) (build 1.8.0_111-b14)
# Java VM: Java HotSpot(TM) 64-Bit Server VM (25.111-b14 mixed mode bsd-amd64 compressed oops)
# Problematic frame:
# j  boletin16_2.clasearray.calcaltursamedia()V+0
#
# Failed to write core dump. Core dumps have been disabled. To enable core dumping, try "ulimit -c unlimited" before starting Java again
#
# If you would like to submit a bug report, please visit:
#   http://bugreport.java.com/bugreport/crash.jsp
#

---------------  T H R E A D  ---------------

Current thread (0x00007f8a7600a000):  JavaThread "main" [_thread_in_Java, id=9987, stack(0x00000003090d0000,0x00000003091d0000)]

siginfo: si_signo: 8 (SIGFPE), si_code: 5 (FPE_FLTINV), si_addr: 0x0000000110ea4ac8

Registers:
RAX=0x0000000000000000, RBX=0x000000000000006c, RCX=0x0000000000000000, RDX=0x0000000000000000
RSP=0x00000003091cf948, RBP=0x00000003091cf988, RSI=0x0000000000000007, RDI=0x00007f8a7600a000
R8 =0x00007f8a7600a000, R9 =0x00007f8a7600a000, R10=0x000000010f8fe030, R11=0x0000000111015e20
R12=0x0000000000000000, R13=0x0000000124d3590a, R14=0x00000003091cf9a8, R15=0x00007f8a7600a000
RIP=0x0000000110ea4ac8, EFLAGS=0x0000000000000a87, ERR=0x0000000000000000
  TRAPNO=0x0000000000000000

Top of Stack: (sp=0x00000003091cf948)
0x00000003091cf948:   00000003091cf948 0000000124d358e8
0x00000003091cf958:   00000003091cf9a8 0000000124d359d8
0x00000003091cf968:   0000000000000000 0000000124d35968
0x00000003091cf978:   0000000000000000 00000003091cf9a8
0x00000003091cf988:   00000003091cf9f0 0000000110e912bd
0x00000003091cf998:   0000000000000000 0000000000000000
0x00000003091cf9a8:   00000007955e90d8 00000003091cf9b0
0x00000003091cf9b8:   0000000124d352a5 00000003091cfa08
0x00000003091cf9c8:   0000000124d35328 0000000000000000
0x00000003091cf9d8:   0000000124d352d0 00000003091cf9a8
0x00000003091cf9e8:   00000003091cfa08 00000003091cfa70
0x00000003091cf9f8:   0000000110e897a7 00000007955e90d8
0x00000003091cfa08:   00000007955e6f98 0000000100001fa0
0x00000003091cfa18:   000000000000000a 00007f8a7600a000
0x00000003091cfa28:   0000000000000001 0000000110e8971f
0x00000003091cfa38:   0000000124d352d0 00000003091cfb08
0x00000003091cfa48:   00000003091cfe90 000000010000000a
0x00000003091cfa58:   0000000124d352d0 0000000110e9bc80
0x00000003091cfa68:   00000003091cfc48 00000003091cfc20
0x00000003091cfa78:   000000010f2ecf8a 0000000000000001
0x00000003091cfa88:   00007f8a7600a000 00000003091cfdf0
0x00000003091cfa98:   00000003091cfe90 0000000000000000
0x00000003091cfaa8:   0000000110e9bc80 0000000102780f24
0x00000003091cfab8:   00000003091cfc40 00000003091cfe88
0x00000003091cfac8:   00007f8a7600a000 00007f8a7600a000
0x00000003091cfad8:   00007f8a75604430 00007f8a75605440
0x00000003091cfae8:   00007f8a75605450 00007f8a75605528
0x00000003091cfaf8:   00000000000000d8 00007f8a75605a30
0x00000003091cfb08:   00007f8a7600a000 00007f8a756064b0
0x00000003091cfb18:   0000000124d352d0 0000000000000000
0x00000003091cfb28:   0000000000000000 0000000000000000
0x00000003091cfb38:   0000000000000000 00000003091cfe88 

Instructions: (pc=0x0000000110ea4ac8)
0x0000000110ea4aa8:   c8 8b 04 24 48 83 c4 08 81 f8 00 00 00 80 0f 85
0x0000000110ea4ab8:   0b 00 00 00 33 d2 83 f9 ff 0f 84 03 00 00 00 99
0x0000000110ea4ac8:   f7 f9 41 0f b6 5d 01 49 ff c5 49 ba 30 e0 8f 0f
0x0000000110ea4ad8:   01 00 00 00 41 ff 24 da 80 00 00 00 00 00 00 00 

Register to memory mapping:

RAX=0x0000000000000000 is an unknown value
RBX=0x000000000000006c is an unknown value
RCX=0x0000000000000000 is an unknown value
RDX=0x0000000000000000 is an unknown value
RSP=0x00000003091cf948 is pointing into the stack for thread: 0x00007f8a7600a000
RBP=0x00000003091cf988 is pointing into the stack for thread: 0x00007f8a7600a000
RSI=0x0000000000000007 is an unknown value
RDI=0x00007f8a7600a000 is a thread
R8 =0x00007f8a7600a000 is a thread
R9 =0x00007f8a7600a000 is a thread
R10=0x000000010f8fe030: _ZN19TemplateInterpreter13_active_tableE+0x2000 in /Library/Java/JavaVirtualMachines/jdk1.8.0_111.jdk/Contents/Home/jre/lib/server/libjvm.dylib at 0x000000010f000000
R11=0x0000000111015e20 is at entry_point+32 in (nmethod*)0x0000000111015c90
R12=0x0000000000000000 is an unknown value
R13=0x0000000124d3590a is pointing into metadata
R14=0x00000003091cf9a8 is pointing into the stack for thread: 0x00007f8a7600a000
R15=0x00007f8a7600a000 is a thread


Stack: [0x00000003090d0000,0x00000003091d0000],  sp=0x00000003091cf948,  free space=1022k
Native frames: (J=compiled Java code, j=interpreted, Vv=VM code, C=native code)
j  boletin16_2.clasearray.calcaltursamedia()V+0
j  boletin16_2.Boletin16_2.main([Ljava/lang/String;)V+13
v  ~StubRoutines::call_stub
V  [libjvm.dylib+0x2ecf8a]  JavaCalls::call_helper(JavaValue*, methodHandle*, JavaCallArguments*, Thread*)+0x6ae
V  [libjvm.dylib+0x323d82]  jni_invoke_static(JNIEnv_*, JavaValue*, _jobject*, JNICallType, _jmethodID*, JNI_ArgumentPusher*, Thread*)+0x1bf
V  [libjvm.dylib+0x31caf9]  jni_CallStaticVoidMethod+0x15d
C  [java+0x3931]  JavaMain+0x9c4
C  [libsystem_pthread.dylib+0x6950]  _pthread_start+0xe0
C  [libsystem_pthread.dylib+0x247b]  thread_start+0xf
C  0x0000000000000000


---------------  P R O C E S S  ---------------

Java Threads: ( => current thread )
  0x00007f8a76b1f800 JavaThread "TimerQueue" daemon [_thread_blocked, id=62783, stack(0x000000030ac4f000,0x000000030ad4f000)]
  0x00007f8a771f9000 JavaThread "AWT-EventQueue-0" [_thread_blocked, id=70959, stack(0x000000030ab4c000,0x000000030ac4c000)]
  0x00007f8a76abb800 JavaThread "Java2D Disposer" daemon [_thread_blocked, id=75531, stack(0x000000030aa49000,0x000000030ab49000)]
  0x00007f8a758b2000 JavaThread "Java2D Queue Flusher" daemon [_thread_blocked, id=78887, stack(0x000000030a946000,0x000000030aa46000)]
  0x00007f8a76a31000 JavaThread "AWT-Shutdown" [_thread_blocked, id=35875, stack(0x000000030a59f000,0x000000030a69f000)]
  0x00007f8a770cc000 JavaThread "AppKit Thread" daemon [_thread_in_native, id=515, stack(0x000000030884c000,0x000000030904c000)]
  0x00007f8a7705d800 JavaThread "Service Thread" daemon [_thread_blocked, id=24071, stack(0x000000030a312000,0x000000030a412000)]
  0x00007f8a7686b000 JavaThread "C1 CompilerThread3" daemon [_thread_blocked, id=23555, stack(0x000000030a20f000,0x000000030a30f000)]
  0x00007f8a76019000 JavaThread "C2 CompilerThread2" daemon [_thread_blocked, id=23299, stack(0x000000030a10c000,0x000000030a20c000)]
  0x00007f8a76841800 JavaThread "C2 CompilerThread1" daemon [_thread_blocked, id=22531, stack(0x000000030a009000,0x000000030a109000)]
  0x00007f8a7702d000 JavaThread "C2 CompilerThread0" daemon [_thread_blocked, id=22275, stack(0x0000000309f06000,0x000000030a006000)]
  0x00007f8a75828800 JavaThread "Signal Dispatcher" daemon [_thread_blocked, id=43267, stack(0x0000000309e03000,0x0000000309f03000)]
  0x00007f8a7683b800 JavaThread "Finalizer" daemon [_thread_blocked, id=14107, stack(0x0000000309bf1000,0x0000000309cf1000)]
  0x00007f8a77014000 JavaThread "Reference Handler" daemon [_thread_blocked, id=13859, stack(0x0000000309aee000,0x0000000309bee000)]
=>0x00007f8a7600a000 JavaThread "main" [_thread_in_Java, id=9987, stack(0x00000003090d0000,0x00000003091d0000)]

Other Threads:
  0x00007f8a76016800 VMThread [stack: 0x00000003099eb000,0x0000000309aeb000] [id=19459]
  0x00007f8a75826000 WatcherThread [stack: 0x000000030a415000,0x000000030a515000] [id=41991]

VM state:not at safepoint (normal execution)

VM Mutex/Monitor currently owned by a thread: None

Heap:
 PSYoungGen      total 38400K, used 11093K [0x0000000795580000, 0x0000000798000000, 0x00000007c0000000)
  eden space 33280K, 33% used [0x0000000795580000,0x0000000796055690,0x0000000797600000)
  from space 5120K, 0% used [0x0000000797b00000,0x0000000797b00000,0x0000000798000000)
  to   space 5120K, 0% used [0x0000000797600000,0x0000000797600000,0x0000000797b00000)
 ParOldGen       total 87552K, used 0K [0x0000000740000000, 0x0000000745580000, 0x0000000795580000)
  object space 87552K, 0% used [0x0000000740000000,0x0000000740000000,0x0000000745580000)
 Metaspace       used 11019K, capacity 11184K, committed 11520K, reserved 1058816K
  class space    used 1425K, capacity 1486K, committed 1536K, reserved 1048576K

Card table byte_map: [0x000000011fe89000,0x000000012028a000] byte_map_base: 0x000000011c489000

Marking Bits: (ParMarkBitMap*) 0x000000010f8efd20
 Begin Bits: [0x0000000120535000, 0x0000000122535000)
 End Bits:   [0x0000000122535000, 0x0000000124535000)

Polling page: 0x000000010ab34000

CodeCache: size=245760Kb used=2605Kb max_used=2605Kb free=243154Kb
 bounds [0x0000000110e89000, 0x0000000111119000, 0x000000011fe89000]
 total_blobs=1209 nmethods=706 adapters=418
 compilation: enabled

Compilation events (10 events):
Event: 3.467 Thread 0x00007f8a7686b000  702       3       java.beans.PropertyChangeSupport::fire (39 bytes)
Event: 3.467 Thread 0x00007f8a7686b000 nmethod 702 0x0000000111112850 code [0x00000001111129e0, 0x0000000111112d08]
Event: 3.467 Thread 0x00007f8a7686b000  701  s    3       java.beans.ChangeListenerMap::get (25 bytes)
Event: 3.467 Thread 0x00007f8a7686b000 nmethod 701 0x0000000111112e50 code [0x0000000111112fe0, 0x00000001111134c8]
Event: 3.467 Thread 0x00007f8a7686b000  703       3       sun.awt.SunToolkit::getSystemEventQueueImplPP (13 bytes)
Event: 3.467 Thread 0x00007f8a7686b000 nmethod 703 0x00000001111135d0 code [0x0000000111113740, 0x0000000111113a28]
Event: 3.467 Thread 0x00007f8a7686b000  704  s    1       java.util.Hashtable::size (5 bytes)
Event: 3.467 Thread 0x00007f8a7686b000 nmethod 704 0x0000000111113b10 code [0x0000000111113c60, 0x0000000111113ed0]
Event: 3.470 Thread 0x00007f8a7686b000  705       3       java.lang.ClassLoader::findLoadedClass (16 bytes)
Event: 3.471 Thread 0x00007f8a7686b000 nmethod 705 0x00000001111142d0 code [0x0000000111114460, 0x0000000111114698]

GC Heap History (0 events):
No events

Deoptimization events (5 events):
Event: 0.348 Thread 0x00007f8a7600a000 Uncommon trap: reason=null_check action=make_not_entrant pc=0x00000001110073a8 method=java.lang.String.equals(Ljava/lang/Object;)Z @ 8
Event: 1.583 Thread 0x00007f8a771f9000 Uncommon trap: reason=class_check action=maybe_recompile pc=0x00000001110067dc method=java.lang.String.equals(Ljava/lang/Object;)Z @ 8
Event: 1.583 Thread 0x00007f8a771f9000 Uncommon trap: reason=class_check action=maybe_recompile pc=0x00000001110067dc method=java.lang.String.equals(Ljava/lang/Object;)Z @ 8
Event: 1.587 Thread 0x00007f8a771f9000 Uncommon trap: reason=class_check action=maybe_recompile pc=0x00000001110067dc method=java.lang.String.equals(Ljava/lang/Object;)Z @ 8
Event: 1.587 Thread 0x00007f8a771f9000 Uncommon trap: reason=class_check action=maybe_recompile pc=0x00000001110067dc method=java.lang.String.equals(Ljava/lang/Object;)Z @ 8

Internal exceptions (10 events):
Event: 0.102 Thread 0x00007f8a7600a000 Exception <a 'java/security/PrivilegedActionException'> (0x0000000795603a00) thrown at [/Users/java_re/workspace/8-2-build-macosx-x86_64/jdk8u111/7883/hotspot/src/share/vm/prims/jvm.cpp, line 1386]
Event: 0.102 Thread 0x00007f8a7600a000 Exception <a 'java/security/PrivilegedActionException'> (0x0000000795603c10) thrown at [/Users/java_re/workspace/8-2-build-macosx-x86_64/jdk8u111/7883/hotspot/src/share/vm/prims/jvm.cpp, line 1386]
Event: 0.102 Thread 0x00007f8a7600a000 Exception <a 'java/security/PrivilegedActionException'> (0x0000000795606f18) thrown at [/Users/java_re/workspace/8-2-build-macosx-x86_64/jdk8u111/7883/hotspot/src/share/vm/prims/jvm.cpp, line 1386]
Event: 0.102 Thread 0x00007f8a7600a000 Exception <a 'java/security/PrivilegedActionException'> (0x0000000795607128) thrown at [/Users/java_re/workspace/8-2-build-macosx-x86_64/jdk8u111/7883/hotspot/src/share/vm/prims/jvm.cpp, line 1386]
Event: 0.170 Thread 0x00007f8a7600a000 Exception <a 'java/lang/NoSuchFieldError': method resolution failed> (0x000000079577b6f0) thrown at [/Users/java_re/workspace/8-2-build-macosx-x86_64/jdk8u111/7883/hotspot/src/share/vm/prims/methodHandles.cpp, line 1146]
Event: 0.177 Thread 0x00007f8a7600a000 Exception <a 'java/lang/NoSuchFieldError': method resolution failed> (0x0000000795788ec0) thrown at [/Users/java_re/workspace/8-2-build-macosx-x86_64/jdk8u111/7883/hotspot/src/share/vm/prims/methodHandles.cpp, line 1146]
Event: 0.339 Thread 0x00007f8a7600a000 Exception <a 'java/io/FileNotFoundException'> (0x0000000795803e08) thrown at [/Users/java_re/workspace/8-2-build-macosx-x86_64/jdk8u111/7883/hotspot/src/share/vm/prims/jni.cpp, line 709]
Event: 0.339 Thread 0x00007f8a7600a000 Exception <a 'java/io/FileNotFoundException'> (0x0000000795804970) thrown at [/Users/java_re/workspace/8-2-build-macosx-x86_64/jdk8u111/7883/hotspot/src/share/vm/prims/jni.cpp, line 709]
Event: 0.347 Thread 0x00007f8a7600a000 Implicit null exception at 0x00000001110071a6 to 0x0000000111007399
Event: 0.386 Thread 0x00007f8a7600a000 Exception <a 'java/io/FileNotFoundException'> (0x00000007959132c8) thrown at [/Users/java_re/workspace/8-2-build-macosx-x86_64/jdk8u111/7883/hotspot/src/share/vm/prims/jni.cpp, line 709]

Events (10 events):
Event: 3.440 loading class sun/awt/SunToolkit$1
Event: 3.440 loading class sun/awt/SunToolkit$1 done
Event: 3.462 loading class java/awt/Window$1DisposeAction
Event: 3.462 loading class java/awt/Window$1DisposeAction done
Event: 3.462 loading class java/awt/EventQueue$1AWTInvocationLock
Event: 3.462 loading class java/awt/EventQueue$1AWTInvocationLock done
Event: 3.465 loading class java/awt/LightweightDispatcher$2
Event: 3.465 loading class java/awt/LightweightDispatcher$2 done
Event: 3.467 loading class javax/swing/Autoscroller
Event: 3.467 loading class javax/swing/Autoscroller done


Dynamic libraries:
0x00007ffdffd2b000 	/Library/Apple/usr/libexec/oah/runtime
0x00000000000cc000 	/System/Library/Frameworks/Cocoa.framework/Versions/A/Cocoa
0x00000000000cc000 	/System/Library/Frameworks/Security.framework/Versions/A/Security
0x00000000000cc000 	/System/Library/Frameworks/ApplicationServices.framework/Versions/A/ApplicationServices
0x00000000000cc000 	/usr/lib/libz.1.dylib
0x00000000000cc000 	/usr/lib/libSystem.B.dylib
0x00000000000cc000 	/usr/lib/libobjc.A.dylib
0x00000000000cc000 	/System/Library/Frameworks/CoreFoundation.framework/Versions/A/CoreFoundation
0x00000000000cc000 	/System/Library/Frameworks/Foundation.framework/Versions/C/Foundation
0x00000000000cc000 	/System/Library/Frameworks/AppKit.framework/Versions/C/AppKit
0x00000000000cc000 	/System/Library/Frameworks/CoreData.framework/Versions/A/CoreData
0x00000000000cc000 	/System/Library/PrivateFrameworks/UIFoundation.framework/Versions/A/UIFoundation
0x00000000000cc000 	/System/Library/PrivateFrameworks/RemoteViewServices.framework/Versions/A/RemoteViewServices
0x00000000000cc000 	/System/Library/PrivateFrameworks/XCTTargetBootstrap.framework/Versions/A/XCTTargetBootstrap
0x00000000000cc000 	/usr/lib/libspindump.dylib
0x00000000000cc000 	/System/Library/Frameworks/UniformTypeIdentifiers.framework/Versions/A/UniformTypeIdentifiers
0x00000000000cc000 	/usr/lib/libapp_launch_measurement.dylib
0x00000000000cc000 	/System/Library/PrivateFrameworks/CoreAutoLayout.framework/Versions/A/CoreAutoLayout
0x00000000000cc000 	/System/Library/Frameworks/Metal.framework/Versions/A/Metal
0x00000000000cc000 	/usr/lib/liblangid.dylib
0x00000000000cc000 	/System/Library/PrivateFrameworks/CoreSVG.framework/Versions/A/CoreSVG
0x00000000000cc000 	/System/Library/PrivateFrameworks/SkyLight.framework/Versions/A/SkyLight
0x00000000000cc000 	/System/Library/Frameworks/CoreGraphics.framework/Versions/A/CoreGraphics
0x00000000000cc000 	/System/Library/Frameworks/Accelerate.framework/Versions/A/Accelerate
0x00000000000cc000 	/System/Library/PrivateFrameworks/IconServices.framework/Versions/A/IconServices
0x00000000000cc000 	/System/Library/Frameworks/IOSurface.framework/Versions/A/IOSurface
0x00000000000cc000 	/usr/lib/libDiagnosticMessagesClient.dylib
0x00000000000cc000 	/System/Library/PrivateFrameworks/DFRFoundation.framework/Versions/A/DFRFoundation
0x00000000000cc000 	/usr/lib/libicucore.A.dylib
0x00000000000cc000 	/System/Library/Frameworks/AudioToolbox.framework/Versions/A/AudioToolbox
0x00000000000cc000 	/System/Library/PrivateFrameworks/DataDetectorsCore.framework/Versions/A/DataDetectorsCore
0x00000000000cc000 	/System/Library/Frameworks/Carbon.framework/Versions/A/Frameworks/HIToolbox.framework/Versions/A/HIToolbox
0x00000000000cc000 	/System/Library/Frameworks/QuartzCore.framework/Versions/A/QuartzCore
0x00000000000cc000 	/System/Library/Frameworks/Carbon.framework/Versions/A/Frameworks/SpeechRecognition.framework/Versions/A/SpeechRecognition
0x00000000000cc000 	/System/Library/PrivateFrameworks/CoreUI.framework/Versions/A/CoreUI
0x00000000000cc000 	/System/Library/Frameworks/CoreAudio.framework/Versions/A/CoreAudio
0x00000000000cc000 	/System/Library/Frameworks/DiskArbitration.framework/Versions/A/DiskArbitration
0x00000000000cc000 	/System/Library/PrivateFrameworks/MultitouchSupport.framework/Versions/A/MultitouchSupport
0x00000000000cc000 	/System/Library/PrivateFrameworks/InternationalSupport.framework/Versions/A/InternationalSupport
0x00000000000cc000 	/usr/lib/libenergytrace.dylib
0x00000000000cc000 	/System/Library/Frameworks/IOKit.framework/Versions/A/IOKit
0x00000000000cc000 	/System/Library/Frameworks/CoreServices.framework/Versions/A/CoreServices
0x00000000000cc000 	/System/Library/PrivateFrameworks/PerformanceAnalysis.framework/Versions/A/PerformanceAnalysis
0x00000000000cc000 	/System/Library/Frameworks/OpenGL.framework/Versions/A/OpenGL
0x00000000000cc000 	/System/Library/PrivateFrameworks/UserActivity.framework/Versions/A/UserActivity
0x00000000000cc000 	/System/Library/Frameworks/ColorSync.framework/Versions/A/ColorSync
0x00000000000cc000 	/System/Library/Frameworks/CoreImage.framework/Versions/A/CoreImage
0x00000000000cc000 	/System/Library/Frameworks/CoreText.framework/Versions/A/CoreText
0x00000000000cc000 	/System/Library/Frameworks/ImageIO.framework/Versions/A/ImageIO
0x00000000000cc000 	/System/Library/PrivateFrameworks/SoftLinking.framework/Versions/A/SoftLinking
0x00000000000cc000 	/usr/lib/libxml2.2.dylib
0x00000000000cc000 	/usr/lib/libc++.1.dylib
0x00000000000cc000 	/usr/lib/libcompression.dylib
0x00000000000cc000 	/usr/lib/libMobileGestalt.dylib
0x00000000000cc000 	/System/Library/PrivateFrameworks/TextureIO.framework/Versions/A/TextureIO
0x00000000000cc000 	/usr/lib/libate.dylib
0x00000000000cc000 	/usr/lib/system/libcache.dylib
0x00000000000cc000 	/usr/lib/system/libcommonCrypto.dylib
0x00000000000cc000 	/usr/lib/system/libcompiler_rt.dylib
0x00000000000cc000 	/usr/lib/system/libcopyfile.dylib
0x00000000000cc000 	/usr/lib/system/libcorecrypto.dylib
0x00000000000cc000 	/usr/lib/system/libdispatch.dylib
0x00000000000cc000 	/usr/lib/system/libdyld.dylib
0x00000000000cc000 	/usr/lib/system/libkeymgr.dylib
0x00000000000cc000 	/usr/lib/system/liblaunch.dylib
0x00000000000cc000 	/usr/lib/system/libmacho.dylib
0x00000000000cc000 	/usr/lib/system/libquarantine.dylib
0x00000000000cc000 	/usr/lib/system/libremovefile.dylib
0x00000000000cc000 	/usr/lib/system/libsystem_asl.dylib
0x00000000000cc000 	/usr/lib/system/libsystem_blocks.dylib
0x00000000000cc000 	/usr/lib/system/libsystem_c.dylib
0x00000000000cc000 	/usr/lib/system/libsystem_collections.dylib
0x00000000000cc000 	/usr/lib/system/libsystem_configuration.dylib
0x00000000000cc000 	/usr/lib/system/libsystem_containermanager.dylib
0x00000000000cc000 	/usr/lib/system/libsystem_coreservices.dylib
0x00000000000cc000 	/usr/lib/system/libsystem_darwin.dylib
0x00000000000cc000 	/usr/lib/system/libsystem_dnssd.dylib
0x00000000000cc000 	/usr/lib/system/libsystem_featureflags.dylib
0x00000000000cc000 	/usr/lib/system/libsystem_info.dylib
0x00000000000cc000 	/usr/lib/system/libsystem_m.dylib
0x00000000000cc000 	/usr/lib/system/libsystem_malloc.dylib
0x00000000000cc000 	/usr/lib/system/libsystem_networkextension.dylib
0x00000000000cc000 	/usr/lib/system/libsystem_notify.dylib
0x00000000000cc000 	/usr/lib/system/libsystem_product_info_filter.dylib
0x00000000000cc000 	/usr/lib/system/libsystem_sandbox.dylib
0x00000000000cc000 	/usr/lib/system/libsystem_secinit.dylib
0x00000000000cc000 	/usr/lib/system/libsystem_kernel.dylib
0x00000000000cc000 	/usr/lib/system/libsystem_platform.dylib
0x00000000000cc000 	/usr/lib/system/libsystem_pthread.dylib
0x00000000000cc000 	/usr/lib/system/libsystem_symptoms.dylib
0x00000000000cc000 	/usr/lib/system/libsystem_trace.dylib
0x00000000000cc000 	/usr/lib/system/libunwind.dylib
0x00000000000cc000 	/usr/lib/system/libxpc.dylib
0x00000000000cc000 	/usr/lib/libc++abi.dylib
0x00000000000cc000 	/usr/lib/liboah.dylib
0x00000000000cc000 	/usr/lib/liblzma.5.dylib
0x00000000000cc000 	/System/Library/Frameworks/SystemConfiguration.framework/Versions/A/SystemConfiguration
0x00000000000cc000 	/usr/lib/libfakelink.dylib
0x00000000000cc000 	/System/Library/Frameworks/CFNetwork.framework/Versions/A/CFNetwork
0x00000000000cc000 	/usr/lib/libarchive.2.dylib
0x00000000000cc000 	/usr/lib/libCRFSuite.dylib
0x00000000000cc000 	/usr/lib/libbsm.0.dylib
0x00000000000cc000 	/usr/lib/libnetwork.dylib
0x00000000000cc000 	/usr/lib/libpcap.A.dylib
0x00000000000cc000 	/usr/lib/libdns_services.dylib
0x00000000000cc000 	/usr/lib/libcoretls_cfhelpers.dylib
0x00000000000cc000 	/usr/lib/libapple_nghttp2.dylib
0x00000000000cc000 	/usr/lib/system/libkxld.dylib
0x00000000000cc000 	/usr/lib/libsqlite3.dylib
0x00000000000cc000 	/System/Library/PrivateFrameworks/AppleFSCompression.framework/Versions/A/AppleFSCompression
0x00000000000cc000 	/usr/lib/libcoretls.dylib
0x00000000000cc000 	/usr/lib/libpam.2.dylib
0x00000000000cc000 	/usr/lib/libxar.1.dylib
0x00000000000cc000 	/System/Library/PrivateFrameworks/AppleSystemInfo.framework/Versions/A/AppleSystemInfo
0x00000000000cc000 	/System/Library/PrivateFrameworks/IOMobileFramebuffer.framework/Versions/A/IOMobileFramebuffer
0x00000000000cc000 	/usr/lib/libbz2.1.0.dylib
0x00000000000cc000 	/usr/lib/libiconv.2.dylib
0x00000000000cc000 	/usr/lib/libcharset.1.dylib
0x00000000000cc000 	/System/Library/Frameworks/CoreServices.framework/Versions/A/Frameworks/FSEvents.framework/Versions/A/FSEvents
0x00000000000cc000 	/System/Library/Frameworks/CoreServices.framework/Versions/A/Frameworks/CarbonCore.framework/Versions/A/CarbonCore
0x00000000000cc000 	/System/Library/Frameworks/CoreServices.framework/Versions/A/Frameworks/Metadata.framework/Versions/A/Metadata
0x00000000000cc000 	/System/Library/Frameworks/CoreServices.framework/Versions/A/Frameworks/OSServices.framework/Versions/A/OSServices
0x00000000000cc000 	/System/Library/Frameworks/CoreServices.framework/Versions/A/Frameworks/SearchKit.framework/Versions/A/SearchKit
0x00000000000cc000 	/System/Library/Frameworks/CoreServices.framework/Versions/A/Frameworks/AE.framework/Versions/A/AE
0x00000000000cc000 	/System/Library/Frameworks/CoreServices.framework/Versions/A/Frameworks/LaunchServices.framework/Versions/A/LaunchServices
0x00000000000cc000 	/System/Library/Frameworks/CoreServices.framework/Versions/A/Frameworks/DictionaryServices.framework/Versions/A/DictionaryServices
0x00000000000cc000 	/System/Library/Frameworks/CoreServices.framework/Versions/A/Frameworks/SharedFileList.framework/Versions/A/SharedFileList
0x00000000000cc000 	/usr/lib/libCheckFix.dylib
0x00000000000cc000 	/System/Library/PrivateFrameworks/TCC.framework/Versions/A/TCC
0x00000000000cc000 	/System/Library/PrivateFrameworks/CoreNLP.framework/Versions/A/CoreNLP
0x00000000000cc000 	/System/Library/PrivateFrameworks/MetadataUtilities.framework/Versions/A/MetadataUtilities
0x00000000000cc000 	/usr/lib/libmecabra.dylib
0x00000000000cc000 	/System/Library/Frameworks/MLCompute.framework/Versions/A/MLCompute
0x00000000000cc000 	/usr/lib/libmecab.dylib
0x00000000000cc000 	/usr/lib/libgermantok.dylib
0x00000000000cc000 	/usr/lib/libThaiTokenizer.dylib
0x00000000000cc000 	/usr/lib/libChineseTokenizer.dylib
0x00000000000cc000 	/System/Library/Frameworks/MetalPerformanceShaders.framework/Versions/A/MetalPerformanceShaders
0x00000000000cc000 	/System/Library/Frameworks/Accelerate.framework/Versions/A/Frameworks/vImage.framework/Versions/A/vImage
0x00000000000cc000 	/System/Library/Frameworks/Accelerate.framework/Versions/A/Frameworks/vecLib.framework/Versions/A/vecLib
0x00000000000cc000 	/System/Library/Frameworks/Accelerate.framework/Versions/A/Frameworks/vecLib.framework/Versions/A/libvMisc.dylib
0x00000000000cc000 	/System/Library/Frameworks/Accelerate.framework/Versions/A/Frameworks/vecLib.framework/Versions/A/libvDSP.dylib
0x00000000000cc000 	/System/Library/Frameworks/Accelerate.framework/Versions/A/Frameworks/vecLib.framework/Versions/A/libBLAS.dylib
0x00000000000cc000 	/System/Library/Frameworks/Accelerate.framework/Versions/A/Frameworks/vecLib.framework/Versions/A/libLAPACK.dylib
0x00000000000cc000 	/System/Library/Frameworks/Accelerate.framework/Versions/A/Frameworks/vecLib.framework/Versions/A/libLinearAlgebra.dylib
0x00000000000cc000 	/System/Library/Frameworks/Accelerate.framework/Versions/A/Frameworks/vecLib.framework/Versions/A/libSparseBLAS.dylib
0x00000000000cc000 	/System/Library/Frameworks/Accelerate.framework/Versions/A/Frameworks/vecLib.framework/Versions/A/libQuadrature.dylib
0x00000000000cc000 	/System/Library/Frameworks/Accelerate.framework/Versions/A/Frameworks/vecLib.framework/Versions/A/libBNNS.dylib
0x00000000000cc000 	/System/Library/Frameworks/Accelerate.framework/Versions/A/Frameworks/vecLib.framework/Versions/A/libSparse.dylib
0x00000000000cc000 	/System/Library/Frameworks/MetalPerformanceShaders.framework/Versions/A/Frameworks/MPSCore.framework/Versions/A/MPSCore
0x00000000000cc000 	/System/Library/Frameworks/MetalPerformanceShaders.framework/Versions/A/Frameworks/MPSImage.framework/Versions/A/MPSImage
0x00000000000cc000 	/System/Library/Frameworks/MetalPerformanceShaders.framework/Versions/A/Frameworks/MPSNeuralNetwork.framework/Versions/A/MPSNeuralNetwork
0x00000000000cc000 	/System/Library/Frameworks/MetalPerformanceShaders.framework/Versions/A/Frameworks/MPSMatrix.framework/Versions/A/MPSMatrix
0x00000000000cc000 	/System/Library/Frameworks/MetalPerformanceShaders.framework/Versions/A/Frameworks/MPSRayIntersector.framework/Versions/A/MPSRayIntersector
0x00000000000cc000 	/System/Library/Frameworks/MetalPerformanceShaders.framework/Versions/A/Frameworks/MPSNDArray.framework/Versions/A/MPSNDArray
0x00000000000cc000 	/System/Library/PrivateFrameworks/MetalTools.framework/Versions/A/MetalTools
0x00000000000cc000 	/System/Library/PrivateFrameworks/AggregateDictionary.framework/Versions/A/AggregateDictionary
0x00000000000cc000 	/System/Library/PrivateFrameworks/CoreAnalytics.framework/Versions/A/CoreAnalytics
0x00000000000cc000 	/System/Library/PrivateFrameworks/AppleSauce.framework/Versions/A/AppleSauce
0x00000000000cc000 	/System/Library/PrivateFrameworks/IOAccelerator.framework/Versions/A/IOAccelerator
0x00000000000cc000 	/System/Library/Frameworks/OpenGL.framework/Versions/A/Libraries/libCoreFSCache.dylib
0x00000000000cc000 	/System/Library/PrivateFrameworks/LanguageModeling.framework/Versions/A/LanguageModeling
0x00000000000cc000 	/System/Library/PrivateFrameworks/CoreEmoji.framework/Versions/A/CoreEmoji
0x00000000000cc000 	/System/Library/PrivateFrameworks/LinguisticData.framework/Versions/A/LinguisticData
0x00000000000cc000 	/System/Library/PrivateFrameworks/Lexicon.framework/Versions/A/Lexicon
0x00000000000cc000 	/usr/lib/libcmph.dylib
0x00000000000cc000 	/System/Library/Frameworks/OpenDirectory.framework/Versions/A/Frameworks/CFOpenDirectory.framework/Versions/A/CFOpenDirectory
0x00000000000cc000 	/System/Library/Frameworks/OpenDirectory.framework/Versions/A/OpenDirectory
0x00000000000cc000 	/System/Library/PrivateFrameworks/APFS.framework/Versions/A/APFS
0x00000000000cc000 	/System/Library/Frameworks/SecurityFoundation.framework/Versions/A/SecurityFoundation
0x00000000000cc000 	/usr/lib/libutil.dylib
0x00000000000cc000 	/System/Library/PrivateFrameworks/CoreServicesStore.framework/Versions/A/CoreServicesStore
0x00000000000cc000 	/System/Library/Frameworks/ServiceManagement.framework/Versions/A/ServiceManagement
0x00000000000cc000 	/usr/lib/libxslt.1.dylib
0x00000000000cc000 	/System/Library/PrivateFrameworks/BackgroundTaskManagement.framework/Versions/A/BackgroundTaskManagement
0x00000000000cc000 	/System/Library/Frameworks/ImageIO.framework/Versions/A/Resources/libRadiance.dylib
0x00000000000cc000 	/System/Library/Frameworks/ImageIO.framework/Versions/A/Resources/libJPEG.dylib
0x00000000000cc000 	/System/Library/Frameworks/ImageIO.framework/Versions/A/Resources/libPng.dylib
0x00000000000cc000 	/System/Library/Frameworks/ImageIO.framework/Versions/A/Resources/libTIFF.dylib
0x00000000000cc000 	/System/Library/Frameworks/ImageIO.framework/Versions/A/Resources/libGIF.dylib
0x00000000000cc000 	/System/Library/Frameworks/ImageIO.framework/Versions/A/Resources/libJP2.dylib
0x00000000000cc000 	/usr/lib/libexpat.1.dylib
0x00000000000cc000 	/System/Library/PrivateFrameworks/AppleJPEG.framework/Versions/A/AppleJPEG
0x00000000000cc000 	/System/Library/PrivateFrameworks/FontServices.framework/libFontParser.dylib
0x00000000000cc000 	/System/Library/PrivateFrameworks/RunningBoardServices.framework/Versions/A/RunningBoardServices
0x00000000000cc000 	/System/Library/PrivateFrameworks/WatchdogClient.framework/Versions/A/WatchdogClient
0x00000000000cc000 	/System/Library/Frameworks/CoreDisplay.framework/Versions/A/CoreDisplay
0x00000000000cc000 	/System/Library/Frameworks/CoreMedia.framework/Versions/A/CoreMedia
0x00000000000cc000 	/System/Library/Frameworks/CoreVideo.framework/Versions/A/CoreVideo
0x00000000000cc000 	/System/Library/Frameworks/VideoToolbox.framework/Versions/A/VideoToolbox
0x00000000000cc000 	/System/Library/PrivateFrameworks/BaseBoard.framework/Versions/A/BaseBoard
0x00000000000cc000 	/System/Library/PrivateFrameworks/PersistentConnection.framework/Versions/A/PersistentConnection
0x00000000000cc000 	/System/Library/PrivateFrameworks/ProtocolBuffer.framework/Versions/A/ProtocolBuffer
0x00000000000cc000 	/System/Library/PrivateFrameworks/CommonUtilities.framework/Versions/A/CommonUtilities
0x00000000000cc000 	/System/Library/PrivateFrameworks/Bom.framework/Versions/A/Bom
0x00000000000cc000 	/System/Library/PrivateFrameworks/GPUWrangler.framework/Versions/A/GPUWrangler
0x00000000000cc000 	/System/Library/PrivateFrameworks/IOPresentment.framework/Versions/A/IOPresentment
0x00000000000cc000 	/System/Library/PrivateFrameworks/DSExternalDisplay.framework/Versions/A/DSExternalDisplay
0x00000000000cc000 	/System/Library/PrivateFrameworks/CMCaptureCore.framework/Versions/A/CMCaptureCore
0x00000000000cc000 	/System/Library/PrivateFrameworks/AppServerSupport.framework/Versions/A/AppServerSupport
0x00000000000cc000 	/System/Library/PrivateFrameworks/perfdata.framework/Versions/A/perfdata
0x00000000000cc000 	/System/Library/PrivateFrameworks/AssertionServices.framework/Versions/A/AssertionServices
0x00000000000cc000 	/System/Library/PrivateFrameworks/AudioToolboxCore.framework/Versions/A/AudioToolboxCore
0x00000000000cc000 	/System/Library/PrivateFrameworks/caulk.framework/Versions/A/caulk
0x00000000000cc000 	/System/Library/PrivateFrameworks/SystemPolicy.framework/Versions/A/SystemPolicy
0x00000000000cc000 	/usr/lib/libIOReport.dylib
0x00000000000cc000 	/usr/lib/libSMC.dylib
0x00000000000cc000 	/usr/lib/libAudioToolboxUtility.dylib
0x00000000000cc000 	/usr/lib/libmis.dylib
0x00000000000cc000 	/System/Library/Frameworks/OpenGL.framework/Versions/A/Libraries/libGLU.dylib
0x00000000000cc000 	/System/Library/Frameworks/OpenGL.framework/Versions/A/Libraries/libGFXShared.dylib
0x00000000000cc000 	/System/Library/Frameworks/OpenGL.framework/Versions/A/Libraries/libGL.dylib
0x00000000000cc000 	/System/Library/Frameworks/OpenGL.framework/Versions/A/Libraries/libGLImage.dylib
0x00000000000cc000 	/System/Library/Frameworks/OpenGL.framework/Versions/A/Libraries/libCVMSPluginSupport.dylib
0x00000000000cc000 	/System/Library/Frameworks/OpenGL.framework/Versions/A/Libraries/libCoreVMClient.dylib
0x00000000000cc000 	/System/Library/Frameworks/OpenCL.framework/Versions/A/OpenCL
0x00000000000cc000 	/System/Library/PrivateFrameworks/GraphVisualizer.framework/Versions/A/GraphVisualizer
0x00000000000cc000 	/System/Library/PrivateFrameworks/FaceCore.framework/Versions/A/FaceCore
0x00000000000cc000 	/System/Library/PrivateFrameworks/OTSVG.framework/Versions/A/OTSVG
0x00000000000cc000 	/System/Library/Frameworks/ApplicationServices.framework/Versions/A/Frameworks/ATS.framework/Versions/A/Resources/libFontRegistry.dylib
0x00000000000cc000 	/System/Library/PrivateFrameworks/FontServices.framework/libhvf.dylib
0x00000000000cc000 	/System/Library/PrivateFrameworks/AppleVA.framework/Versions/A/AppleVA
0x00000000000cc000 	/System/Library/Frameworks/ApplicationServices.framework/Versions/A/Frameworks/ATS.framework/Versions/A/ATS
0x00000000000cc000 	/System/Library/Frameworks/ApplicationServices.framework/Versions/A/Frameworks/ColorSyncLegacy.framework/Versions/A/ColorSyncLegacy
0x00000000000cc000 	/System/Library/Frameworks/ApplicationServices.framework/Versions/A/Frameworks/HIServices.framework/Versions/A/HIServices
0x00000000000cc000 	/System/Library/Frameworks/ApplicationServices.framework/Versions/A/Frameworks/LangAnalysis.framework/Versions/A/LangAnalysis
0x00000000000cc000 	/System/Library/Frameworks/ApplicationServices.framework/Versions/A/Frameworks/PrintCore.framework/Versions/A/PrintCore
0x00000000000cc000 	/System/Library/Frameworks/ApplicationServices.framework/Versions/A/Frameworks/QD.framework/Versions/A/QD
0x00000000000cc000 	/System/Library/Frameworks/ApplicationServices.framework/Versions/A/Frameworks/SpeechSynthesis.framework/Versions/A/SpeechSynthesis
0x00000000000cc000 	/System/Library/Frameworks/ApplicationServices.framework/Versions/A/Frameworks/ATSUI.framework/Versions/A/ATSUI
0x00000000000cc000 	/usr/lib/libcups.2.dylib
0x00000000000cc000 	/System/Library/PrivateFrameworks/NetAuth.framework/Versions/A/NetAuth
0x00000000000cc000 	/System/Library/Frameworks/Kerberos.framework/Versions/A/Kerberos
0x00000000000cc000 	/System/Library/Frameworks/GSS.framework/Versions/A/GSS
0x00000000000cc000 	/usr/lib/libresolv.9.dylib
0x00000000000cc000 	/System/Library/PrivateFrameworks/Heimdal.framework/Versions/A/Heimdal
0x00000000000cc000 	/System/Library/Frameworks/Kerberos.framework/Versions/A/Libraries/libHeimdalProxy.dylib
0x00000000000cc000 	/System/Library/Frameworks/Network.framework/Versions/A/Network
0x00000000000cc000 	/usr/lib/libheimdal-asn1.dylib
0x00000000000cc000 	/System/Library/PrivateFrameworks/CommonAuth.framework/Versions/A/CommonAuth
0x00000000000cc000 	/System/Library/PrivateFrameworks/login.framework/Versions/A/Frameworks/loginsupport.framework/Versions/A/loginsupport
0x00000000000cc000 	/System/Library/PrivateFrameworks/AudioSession.framework/Versions/A/AudioSession
0x00000000000cc000 	/usr/lib/libAudioStatistics.dylib
0x00000000000cc000 	/System/Library/PrivateFrameworks/MediaExperience.framework/Versions/A/MediaExperience
0x00000000000cc000 	/System/Library/PrivateFrameworks/AudioSession.framework/libSessionUtility.dylib
0x00000000000cc000 	/usr/lib/libperfcheck.dylib
0x00000000000cc000 	/System/Library/PrivateFrameworks/AudioResourceArbitration.framework/Versions/A/AudioResourceArbitration
0x00000000000cc000 	/System/Library/PrivateFrameworks/IconFoundation.framework/Versions/A/IconFoundation
0x00000000000cc000 	/System/Library/PrivateFrameworks/SpeechRecognitionCore.framework/Versions/A/SpeechRecognitionCore
0x000000010f000000 	/Library/Java/JavaVirtualMachines/jdk1.8.0_111.jdk/Contents/Home/jre/lib/server/libjvm.dylib
0x00000000000cc000 	/usr/lib/libstdc++.6.dylib
0x000000010aaa0000 	/Library/Java/JavaVirtualMachines/jdk1.8.0_111.jdk/Contents/Home/jre/lib/libverify.dylib
0x000000010aac0000 	/Library/Java/JavaVirtualMachines/jdk1.8.0_111.jdk/Contents/Home/jre/lib/libjava.dylib
0x000000010ab86000 	/Library/Java/JavaVirtualMachines/jdk1.8.0_111.jdk/Contents/Home/jre/lib/libzip.dylib
0x00000000000cc000 	/System/Library/Frameworks/JavaRuntimeSupport.framework/Versions/A/JavaRuntimeSupport
0x00000000000cc000 	/System/Library/Frameworks/Carbon.framework/Versions/A/Carbon
0x00000000000cc000 	/System/Library/PrivateFrameworks/CoreSymbolication.framework/Versions/A/CoreSymbolication
0x00000000000cc000 	/System/Library/Frameworks/Carbon.framework/Versions/A/Frameworks/CommonPanels.framework/Versions/A/CommonPanels
0x00000000000cc000 	/System/Library/Frameworks/Carbon.framework/Versions/A/Frameworks/Help.framework/Versions/A/Help
0x00000000000cc000 	/System/Library/Frameworks/Carbon.framework/Versions/A/Frameworks/ImageCapture.framework/Versions/A/ImageCapture
0x00000000000cc000 	/System/Library/Frameworks/Carbon.framework/Versions/A/Frameworks/OpenScripting.framework/Versions/A/OpenScripting
0x00000000000cc000 	/System/Library/Frameworks/Carbon.framework/Versions/A/Frameworks/Ink.framework/Versions/A/Ink
0x00000000000cc000 	/System/Library/Frameworks/Carbon.framework/Versions/A/Frameworks/Print.framework/Versions/A/Print
0x00000000000cc000 	/System/Library/Frameworks/Carbon.framework/Versions/A/Frameworks/SecurityHI.framework/Versions/A/SecurityHI
0x00000000000cc000 	/System/Library/PrivateFrameworks/DebugSymbols.framework/Versions/A/DebugSymbols
0x000000012713f000 	/Library/Java/JavaVirtualMachines/jdk1.8.0_111.jdk/Contents/Home/jre/lib/libawt.dylib
0x0000000127292000 	/Library/Java/JavaVirtualMachines/jdk1.8.0_111.jdk/Contents/Home/jre/lib/libmlib_image.dylib
0x00000000000cc000 	/System/Library/Frameworks/JavaNativeFoundation.framework/Versions/A/JavaNativeFoundation
0x0000000127421000 	/Library/Java/JavaVirtualMachines/jdk1.8.0_111.jdk/Contents/Home/jre/lib/libawt_lwawt.dylib
0x000000012757f000 	/Library/Java/JavaVirtualMachines/jdk1.8.0_111.jdk/Contents/Home/jre/lib/libosxapp.dylib
0x00000000000cc000 	/System/Library/Frameworks/ExceptionHandling.framework/Versions/A/ExceptionHandling
0x00000000000cc000 	/System/Library/PrivateFrameworks/CoreServicesInternal.framework/Versions/A/CoreServicesInternal
0x00000000000cc000 	/System/Library/Frameworks/FileProvider.framework/Versions/A/FileProvider
0x00000000000cc000 	/System/Library/Frameworks/Accounts.framework/Versions/A/Accounts
0x00000000000cc000 	/System/Library/PrivateFrameworks/GenerationalStorage.framework/Versions/A/GenerationalStorage
0x00000000000cc000 	/System/Library/PrivateFrameworks/SymptomDiagnosticReporter.framework/Versions/A/SymptomDiagnosticReporter
0x00000000000cc000 	/System/Library/PrivateFrameworks/AppContainer.framework/Versions/A/AppContainer
0x00000000000cc000 	/System/Library/PrivateFrameworks/DesktopServicesPriv.framework/Versions/A/DesktopServicesPriv
0x00000000000cc000 	/usr/lib/libsandbox.1.dylib
0x00000000000cc000 	/System/Library/PrivateFrameworks/UserManagement.framework/Versions/A/UserManagement
0x00000000000cc000 	/System/Library/PrivateFrameworks/MobileKeyBag.framework/Versions/A/MobileKeyBag
0x00000000000cc000 	/System/Library/PrivateFrameworks/ChunkingLibrary.framework/Versions/A/ChunkingLibrary
0x00000000000cc000 	/System/Library/PrivateFrameworks/SecCodeWrapper.framework/Versions/A/SecCodeWrapper
0x00000000000cc000 	/System/Library/PrivateFrameworks/CrashReporterSupport.framework/Versions/A/CrashReporterSupport
0x00000000000cc000 	/System/Library/PrivateFrameworks/OSAnalytics.framework/Versions/A/OSAnalytics
0x00000000000cc000 	/usr/lib/libRosetta.dylib
0x00000000000cc000 	/System/Library/PrivateFrameworks/RemoteServiceDiscovery.framework/Versions/A/RemoteServiceDiscovery
0x00000000000cc000 	/System/Library/PrivateFrameworks/Symbolication.framework/Versions/A/Symbolication
0x00000000000cc000 	/System/Library/PrivateFrameworks/RemoteXPC.framework/Versions/A/RemoteXPC
0x00000000000cc000 	/System/Library/PrivateFrameworks/OSAServicesClient.framework/Versions/A/OSAServicesClient
0x00000000000cc000 	/System/Library/PrivateFrameworks/MallocStackLogging.framework/Versions/A/MallocStackLogging
0x00000000000cc000 	/System/Library/PrivateFrameworks/Sharing.framework/Versions/A/Sharing
0x00000000000cc000 	/System/Library/PrivateFrameworks/Apple80211.framework/Versions/A/Apple80211
0x00000000000cc000 	/System/Library/PrivateFrameworks/AuthKit.framework/Versions/A/AuthKit
0x00000000000cc000 	/System/Library/PrivateFrameworks/CoreUtils.framework/Versions/A/CoreUtils
0x00000000000cc000 	/System/Library/Frameworks/CoreWLAN.framework/Versions/A/CoreWLAN
0x00000000000cc000 	/System/Library/Frameworks/IOBluetooth.framework/Versions/A/IOBluetooth
0x00000000000cc000 	/System/Library/PrivateFrameworks/CoreWiFi.framework/Versions/A/CoreWiFi
0x00000000000cc000 	/System/Library/PrivateFrameworks/CorePhoneNumbers.framework/Versions/A/CorePhoneNumbers
0x00000000000cc000 	/System/Library/PrivateFrameworks/DiskManagement.framework/Versions/A/DiskManagement
0x00000000000cc000 	/System/Library/PrivateFrameworks/AppleIDAuthSupport.framework/Versions/A/AppleIDAuthSupport
0x00000000000cc000 	/System/Library/PrivateFrameworks/KeychainCircle.framework/Versions/A/KeychainCircle
0x00000000000cc000 	/System/Library/PrivateFrameworks/MediaKit.framework/Versions/A/MediaKit
0x00000000000cc000 	/System/Library/Frameworks/DiscRecording.framework/Versions/A/DiscRecording
0x00000000000cc000 	/usr/lib/libCoreStorage.dylib
0x00000000000cc000 	/usr/lib/libcsfde.dylib
0x00000000000cc000 	/System/Library/PrivateFrameworks/ProtectedCloudStorage.framework/Versions/A/ProtectedCloudStorage
0x00000000000cc000 	/System/Library/PrivateFrameworks/EFILogin.framework/Versions/A/EFILogin
0x00000000000cc000 	/System/Library/Frameworks/AudioUnit.framework/Versions/A/AudioUnit
0x00000000000cc000 	/System/Library/Frameworks/CoreBluetooth.framework/Versions/A/CoreBluetooth
0x00000000000cc000 	/usr/lib/libMatch.1.dylib
0x00000000000cc000 	/System/Library/CoreServices/RawCamera.bundle/Contents/MacOS/RawCamera
0x00000000000cc000 	/System/Library/PrivateFrameworks/MobileAsset.framework/Versions/A/MobileAsset
0x00000000000cc000 	/System/Library/PrivateFrameworks/StreamingZip.framework/Versions/A/StreamingZip
0x00000000000cc000 	/System/Library/Frameworks/MediaToolbox.framework/Versions/A/MediaToolbox
0x00000000000cc000 	/System/Library/PrivateFrameworks/CoreAVCHD.framework/Versions/A/CoreAVCHD
0x00000000000cc000 	/System/Library/Frameworks/MediaAccessibility.framework/Versions/A/MediaAccessibility
0x00000000000cc000 	/System/Library/PrivateFrameworks/Mangrove.framework/Versions/A/Mangrove
0x00000000000cc000 	/System/Library/PrivateFrameworks/AlgosScoreFramework.framework/Versions/A/AlgosScoreFramework
0x00000000000cc000 	/System/Library/PrivateFrameworks/AppleVPA.framework/Versions/A/AppleVPA
0x00000000000cc000 	/System/Library/PrivateFrameworks/CoreAUC.framework/Versions/A/CoreAUC
0x00000000000cc000 	/System/Library/Frameworks/Accelerate.framework/Versions/A/Frameworks/vImage.framework/Versions/A/Libraries/libCGInterfaces.dylib
0x00000001282f3000 	/usr/lib/libobjc-trampolines.dylib
0x00000000000cc000 	/System/Library/PrivateFrameworks/FamilyControls.framework/Versions/A/FamilyControls
0x00000000000cc000 	/System/Library/PrivateFrameworks/CommerceKit.framework/Versions/A/Frameworks/CommerceCore.framework/Versions/A/CommerceCore
0x00000000000cc000 	/System/Library/PrivateFrameworks/SystemAdministration.framework/Versions/A/SystemAdministration
0x00000000000cc000 	/System/Library/Frameworks/DirectoryService.framework/Versions/A/DirectoryService
0x00000000000cc000 	/System/Library/PrivateFrameworks/DiskImages.framework/Versions/A/DiskImages
0x00000000000cc000 	/System/Library/PrivateFrameworks/LoginUIKit.framework/Versions/A/Frameworks/LoginUICore.framework/Versions/A/LoginUICore
0x00000000000cc000 	/usr/lib/libodfde.dylib
0x00000000000cc000 	/usr/lib/libcurl.4.dylib
0x00000000000cc000 	/usr/lib/libcrypto.44.dylib
0x00000000000cc000 	/usr/lib/libssl.46.dylib
0x00000000000cc000 	/System/Library/Frameworks/LDAP.framework/Versions/A/LDAP
0x00000000000cc000 	/System/Library/PrivateFrameworks/TrustEvaluationAgent.framework/Versions/A/TrustEvaluationAgent
0x00000000000cc000 	/usr/lib/libsasl2.2.dylib
0x00000000000cc000 	/System/Library/PrivateFrameworks/CoreDaemon.framework/Versions/B/CoreDaemon
0x00000000000cc000 	/System/Library/PrivateFrameworks/AppleSRP.framework/Versions/A/AppleSRP
0x00000000000cc000 	/System/Library/PrivateFrameworks/ViewBridge.framework/Versions/A/ViewBridge
0x000000012a888000 	/Library/Java/JavaVirtualMachines/jdk1.8.0_111.jdk/Contents/Home/jre/lib/libfontmanager.dylib
0x000000012a942000 	/Library/Java/JavaVirtualMachines/jdk1.8.0_111.jdk/Contents/Home/jre/lib/libosxui.dylib
0x00000000000cc000 	/System/Library/Frameworks/OpenGL.framework/Versions/A/Resources/GLEngine.bundle/GLEngine
0x00000000000cc000 	/System/Library/Frameworks/OpenGL.framework/Versions/A/Libraries/libGLProgrammability.dylib
0x000000012a970000 	/System/Library/Extensions/AppleMetalOpenGLRenderer.bundle/Contents/MacOS/AppleMetalOpenGLRenderer
0x00000000000cc000 	/System/Library/Frameworks/OpenGL.framework/Versions/A/Resources/GLRendererFloat.bundle/GLRendererFloat
0x000000012aac6000 	/System/Library/Extensions/AGXMetal13_3.bundle/Contents/MacOS/AGXMetal13_3
0x00000000000cc000 	/System/Library/PrivateFrameworks/IOGPU.framework/Versions/A/IOGPU
0x00000000000cc000 	/System/Library/PrivateFrameworks/GPUCompiler.framework/Versions/31001/Libraries/libmetal_timestamp.dylib
0x00000000000cc000 	/System/Library/PrivateFrameworks/login.framework/Versions/A/login
0x000000012c19a000 	/Library/Java/JavaVirtualMachines/jdk1.8.0_111.jdk/Contents/Home/jre/lib/libnet.dylib
0x000000012c1d5000 	/Library/Java/JavaVirtualMachines/jdk1.8.0_111.jdk/Contents/Home/jre/lib/libnio.dylib
0x00000000000cc000 	/System/Library/CoreServices/Encodings/libTraditionalChineseConverter.dylib
0x00000000000cc000 	/System/Library/CoreServices/Encodings/libSimplifiedChineseConverter.dylib

VM Arguments:
jvm_args: -Dfile.encoding=UTF-8 
java_command: boletin16_2.Boletin16_2
java_class_path (initial): /Users/Manuel/NetBeansProjects/Boletin16_2/build/classes
Launcher Type: SUN_STANDARD

Environment Variables:
PATH=/usr/bin:/bin:/usr/sbin:/sbin
LD_LIBRARY_PATH=/Library/Java/JavaVirtualMachines/jdk1.8.0_111.jdk/Contents/Home/jre/lib/amd64:/Library/Java/JavaVirtualMachines/jdk1.8.0_111.jdk/Contents/Home/jre/lib/i386:
SHELL=/bin/zsh

Signal Handlers:
SIGSEGV: [libjvm.dylib+0x5b03ed], sa_mask[0]=11111111111111111111111111111111, sa_flags=SA_ONSTACK|SA_RESTART|SA_SIGINFO
SIGBUS: [libjvm.dylib+0x5b03ed], sa_mask[0]=11111111111111111111111111111111, sa_flags=SA_RESTART|SA_SIGINFO
SIGFPE: [libjvm.dylib+0x48711c], sa_mask[0]=11111111111111111111111111111111, sa_flags=SA_RESTART|SA_SIGINFO
SIGPIPE: [libjvm.dylib+0x48711c], sa_mask[0]=11111111111111111111111111111111, sa_flags=SA_RESTART|SA_SIGINFO
SIGXFSZ: [libjvm.dylib+0x48711c], sa_mask[0]=11111111111111111111111111111111, sa_flags=SA_RESTART|SA_SIGINFO
SIGILL: [libjvm.dylib+0x48711c], sa_mask[0]=11111111111111111111111111111111, sa_flags=SA_RESTART|SA_SIGINFO
SIGUSR1: SIG_DFL, sa_mask[0]=00000000000000000000000000000000, sa_flags=none
SIGUSR2: [libjvm.dylib+0x486c3a], sa_mask[0]=00100000000000000000000000000000, sa_flags=SA_RESTART|SA_SIGINFO
SIGHUP: [libjvm.dylib+0x485211], sa_mask[0]=11111111111111111111111111111111, sa_flags=SA_RESTART|SA_SIGINFO
SIGINT: [libjvm.dylib+0x485211], sa_mask[0]=11111111111111111111111111111111, sa_flags=SA_RESTART|SA_SIGINFO
SIGTERM: [libjvm.dylib+0x485211], sa_mask[0]=11111111111111111111111111111111, sa_flags=SA_RESTART|SA_SIGINFO
SIGQUIT: [libjvm.dylib+0x485211], sa_mask[0]=11111111111111111111111111111111, sa_flags=SA_RESTART|SA_SIGINFO


---------------  S Y S T E M  ---------------

OS:Bsduname:Darwin 20.2.0 Darwin Kernel Version 20.2.0: Wed Dec  2 20:40:21 PST 2020; root:xnu-7195.60.75~1/RELEASE_ARM64_T8101 x86_64
rlimit: STACK 8176k, CORE 0k, NPROC 1333, NOFILE 10240, AS infinity
load average:1.90 1.83 1.71

CPU:total 8 (1 cores per cpu, 1 threads per core) family 6 model 44 stepping 0, cmov, cx8, fxsr, mmx, sse, sse2, sse3, ssse3, sse4.1, sse4.2, popcnt, aes, clmul, tsc, tscinvbit, tscinv

Memory: 4k page, physical 8388608k(30344k free)

/proc/meminfo:


vm_info: Java HotSpot(TM) 64-Bit Server VM (25.111-b14) for bsd-amd64 JRE (1.8.0_111-b14), built on Sep 22 2016 15:31:41 by "java_re" with gcc 4.2.1 (Based on Apple Inc. build 5658) (LLVM build 2336.11.00)

time: Wed Feb 10 14:01:58 2021
elapsed time: 3 seconds (0d 0h 0m 3s)

