#
# A fatal error has been detected by the Java Runtime Environment:
#
#  SIGFPE (0x8) at pc=0x00000001126a4ac8, pid=43294, tid=0x0000000000002603
#
# JRE version: Java(TM) SE Runtime Environment (8.0_111-b14) (build 1.8.0_111-b14)
# Java VM: Java HotSpot(TM) 64-Bit Server VM (25.111-b14 mixed mode bsd-amd64 compressed oops)
# Problematic frame:
# j  boletin16_2.clasearray.calcaltursamedia()V+0
#
# Failed to write core dump. Core dumps have been disabled. To enable core dumping, try "ulimit -c unlimited" before starting Java again
#
# If you would like to submit a bug report, please visit:
#   http://bugreport.java.com/bugreport/crash.jsp
#

---------------  T H R E A D  ---------------

Current thread (0x00007f8f97009000):  JavaThread "main" [_thread_in_Java, id=9731, stack(0x000000030c541000,0x000000030c641000)]

siginfo: si_signo: 8 (SIGFPE), si_code: 5 (FPE_FLTINV), si_addr: 0x00000001126a4ac8

Registers:
RAX=0x0000000000000000, RBX=0x000000000000006c, RCX=0x0000000000000000, RDX=0x0000000000000000
RSP=0x000000030c640948, RBP=0x000000030c640988, RSI=0x0000000000000007, RDI=0x00007f8f97009000
R8 =0x00007f8f97009000, R9 =0x00007f8f97009000, R10=0x00000001110fe030, R11=0x0000000112794460
R12=0x0000000000000000, R13=0x00000001268f5ad2, R14=0x000000030c6409a8, R15=0x00007f8f97009000
RIP=0x00000001126a4ac8, EFLAGS=0x0000000000000a87, ERR=0x0000000000000000
  TRAPNO=0x0000000000000000

Top of Stack: (sp=0x000000030c640948)
0x000000030c640948:   000000030c640948 00000001268f5ab0
0x000000030c640958:   000000030c6409a8 00000001268f5cd8
0x000000030c640968:   0000000000000000 00000001268f5b30
0x000000030c640978:   0000000000000000 000000030c6409a8
0x000000030c640988:   000000030c6409f0 00000001126912bd
0x000000030c640998:   0000000000000000 0000000000000000
0x000000030c6409a8:   00000007955e9360 000000030c6409b0
0x000000030c6409b8:   00000001268f52c5 000000030c640a08
0x000000030c6409c8:   00000001268f5348 0000000000000000
0x000000030c6409d8:   00000001268f52f0 000000030c6409a8
0x000000030c6409e8:   000000030c640a08 000000030c640a70
0x000000030c6409f8:   00000001126897a7 00000007955e9360
0x000000030c640a08:   00000007955e6fb8 0000000100001fa0
0x000000030c640a18:   000000000000000a 00007f8f97009000
0x000000030c640a28:   0000000000000001 000000011268971f
0x000000030c640a38:   00000001268f52f0 000000030c640b08
0x000000030c640a48:   000000030c640e90 000000010000000a
0x000000030c640a58:   00000001268f52f0 000000011269bc80
0x000000030c640a68:   000000030c640c48 000000030c640c20
0x000000030c640a78:   0000000110aecf8a 0000000000000001
0x000000030c640a88:   00007f8f97009000 000000030c640df0
0x000000030c640a98:   000000030c640e90 0000000000000000
0x000000030c640aa8:   000000011269bc80 00000001041a7f24
0x000000030c640ab8:   000000030c640c40 000000030c640e88
0x000000030c640ac8:   00007f8f97009000 00007f8f97009000
0x000000030c640ad8:   00007f8f95704260 00007f8f957048b0
0x000000030c640ae8:   00007f8f957048c0 00007f8f95704998
0x000000030c640af8:   00000000000000d8 00007f8f95704800
0x000000030c640b08:   00007f8f97009000 00007f8f957054b0
0x000000030c640b18:   00000001268f52f0 0000000000000000
0x000000030c640b28:   0000000000000000 0000000000000000
0x000000030c640b38:   0000000000000000 000000030c640e88 

Instructions: (pc=0x00000001126a4ac8)
0x00000001126a4aa8:   c8 8b 04 24 48 83 c4 08 81 f8 00 00 00 80 0f 85
0x00000001126a4ab8:   0b 00 00 00 33 d2 83 f9 ff 0f 84 03 00 00 00 99
0x00000001126a4ac8:   f7 f9 41 0f b6 5d 01 49 ff c5 49 ba 30 e0 0f 11
0x00000001126a4ad8:   01 00 00 00 41 ff 24 da 80 00 00 00 00 00 00 00 

Register to memory mapping:

RAX=0x0000000000000000 is an unknown value
RBX=0x000000000000006c is an unknown value
RCX=0x0000000000000000 is an unknown value
RDX=0x0000000000000000 is an unknown value
RSP=0x000000030c640948 is pointing into the stack for thread: 0x00007f8f97009000
RBP=0x000000030c640988 is pointing into the stack for thread: 0x00007f8f97009000
RSI=0x0000000000000007 is an unknown value
RDI=0x00007f8f97009000 is a thread
R8 =0x00007f8f97009000 is a thread
R9 =0x00007f8f97009000 is a thread
R10=0x00000001110fe030: _ZN19TemplateInterpreter13_active_tableE+0x2000 in /Library/Java/JavaVirtualMachines/jdk1.8.0_111.jdk/Contents/Home/jre/lib/server/libjvm.dylib at 0x0000000110800000
R11=0x0000000112794460 is at entry_point+32 in (nmethod*)0x00000001127942d0
R12=0x0000000000000000 is an unknown value
R13=0x00000001268f5ad2 is pointing into metadata
R14=0x000000030c6409a8 is pointing into the stack for thread: 0x00007f8f97009000
R15=0x00007f8f97009000 is a thread


Stack: [0x000000030c541000,0x000000030c641000],  sp=0x000000030c640948,  free space=1022k
Native frames: (J=compiled Java code, j=interpreted, Vv=VM code, C=native code)
j  boletin16_2.clasearray.calcaltursamedia()V+0
j  boletin16_2.Boletin16_2.main([Ljava/lang/String;)V+13
v  ~StubRoutines::call_stub
V  [libjvm.dylib+0x2ecf8a]  JavaCalls::call_helper(JavaValue*, methodHandle*, JavaCallArguments*, Thread*)+0x6ae
V  [libjvm.dylib+0x323d82]  jni_invoke_static(JNIEnv_*, JavaValue*, _jobject*, JNICallType, _jmethodID*, JNI_ArgumentPusher*, Thread*)+0x1bf
V  [libjvm.dylib+0x31caf9]  jni_CallStaticVoidMethod+0x15d
C  [java+0x3931]  JavaMain+0x9c4
C  [libsystem_pthread.dylib+0x6950]  _pthread_start+0xe0
C  [libsystem_pthread.dylib+0x247b]  thread_start+0xf
C  0x0000000000000000


---------------  P R O C E S S  ---------------

Java Threads: ( => current thread )
  0x00007f8f97027800 JavaThread "Service Thread" daemon [_thread_blocked, id=24071, stack(0x000000030d782000,0x000000030d882000)]
  0x00007f8f95829800 JavaThread "C1 CompilerThread3" daemon [_thread_blocked, id=23555, stack(0x000000030d67f000,0x000000030d77f000)]
  0x00007f8f96879800 JavaThread "C2 CompilerThread2" daemon [_thread_blocked, id=23043, stack(0x000000030d57c000,0x000000030d67c000)]
  0x00007f8f96879000 JavaThread "C2 CompilerThread1" daemon [_thread_blocked, id=42755, stack(0x000000030d479000,0x000000030d579000)]
  0x00007f8f96857800 JavaThread "C2 CompilerThread0" daemon [_thread_blocked, id=22531, stack(0x000000030d376000,0x000000030d476000)]
  0x00007f8f96008800 JavaThread "Signal Dispatcher" daemon [_thread_blocked, id=43267, stack(0x000000030d273000,0x000000030d373000)]
  0x00007f8f96851800 JavaThread "Finalizer" daemon [_thread_blocked, id=13851, stack(0x000000030d062000,0x000000030d162000)]
  0x00007f8f95808800 JavaThread "Reference Handler" daemon [_thread_blocked, id=13091, stack(0x000000030cf5f000,0x000000030d05f000)]
=>0x00007f8f97009000 JavaThread "main" [_thread_in_Java, id=9731, stack(0x000000030c541000,0x000000030c641000)]

Other Threads:
  0x00007f8f9684d000 VMThread [stack: 0x000000030ce5c000,0x000000030cf5c000] [id=18691]
  0x00007f8f97023000 WatcherThread [stack: 0x000000030d885000,0x000000030d985000] [id=41735]

VM state:not at safepoint (normal execution)

VM Mutex/Monitor currently owned by a thread: None

Heap:
 PSYoungGen      total 38400K, used 665K [0x0000000795580000, 0x0000000798000000, 0x00000007c0000000)
  eden space 33280K, 2% used [0x0000000795580000,0x0000000795626670,0x0000000797600000)
  from space 5120K, 0% used [0x0000000797b00000,0x0000000797b00000,0x0000000798000000)
  to   space 5120K, 0% used [0x0000000797600000,0x0000000797600000,0x0000000797b00000)
 ParOldGen       total 87552K, used 0K [0x0000000740000000, 0x0000000745580000, 0x0000000795580000)
  object space 87552K, 0% used [0x0000000740000000,0x0000000740000000,0x0000000745580000)
 Metaspace       used 2484K, capacity 4486K, committed 4864K, reserved 1056768K
  class space    used 267K, capacity 386K, committed 512K, reserved 1048576K

Card table byte_map: [0x0000000121a49000,0x0000000121e4a000] byte_map_base: 0x000000011e049000

Marking Bits: (ParMarkBitMap*) 0x00000001110efd20
 Begin Bits: [0x00000001220f5000, 0x00000001240f5000)
 End Bits:   [0x00000001240f5000, 0x00000001260f5000)

Polling page: 0x000000010c55b000

CodeCache: size=245760Kb used=1071Kb max_used=1071Kb free=244688Kb
 bounds [0x0000000112689000, 0x00000001128f9000, 0x0000000121689000]
 total_blobs=237 nmethods=10 adapters=143
 compilation: enabled

Compilation events (10 events):
Event: 0.078 Thread 0x00007f8f95829800    3       3       java.lang.String::length (6 bytes)
Event: 0.078 Thread 0x00007f8f95829800 nmethod 3 0x0000000112794610 code [0x0000000112794780, 0x00000001127948f0]
Event: 0.078 Thread 0x00007f8f95829800    4       3       java.lang.Object::<init> (1 bytes)
Event: 0.078 Thread 0x00007f8f95829800 nmethod 4 0x00000001127942d0 code [0x0000000112794440, 0x0000000112794590]
Event: 0.082 Thread 0x00007f8f95829800    8       3       java.lang.AbstractStringBuilder::ensureCapacityInternal (27 bytes)
Event: 0.085 Thread 0x00007f8f95829800 nmethod 8 0x0000000112793b10 code [0x0000000112793ca0, 0x0000000112794118]
Event: 0.085 Thread 0x00007f8f95829800   10       1       java.lang.ref.Reference::get (5 bytes)
Event: 0.085 Thread 0x00007f8f95829800 nmethod 10 0x0000000112793850 code [0x00000001127939a0, 0x0000000112793ab0]
Event: 0.085 Thread 0x00007f8f95829800    9       3       java.lang.String::indexOf (7 bytes)
Event: 0.085 Thread 0x00007f8f95829800 nmethod 9 0x0000000112794d10 code [0x0000000112794e80, 0x0000000112795088]

GC Heap History (0 events):
No events

Deoptimization events (0 events):
No events

Internal exceptions (2 events):
Event: 0.032 Thread 0x00007f8f97009000 Exception <a 'java/lang/NoSuchMethodError': Method sun.misc.Unsafe.defineClass(Ljava/lang/String;[BII)Ljava/lang/Class; name or signature does not match> (0x0000000795587c78) thrown at [/Users/java_re/workspace/8-2-build-macosx-x86_64/jdk8u111/7883/hotspo
Event: 0.033 Thread 0x00007f8f97009000 Exception <a 'java/lang/NoSuchMethodError': Method sun.misc.Unsafe.prefetchRead(Ljava/lang/Object;J)V name or signature does not match> (0x0000000795587f60) thrown at [/Users/java_re/workspace/8-2-build-macosx-x86_64/jdk8u111/7883/hotspot/src/share/vm/pri

Events (10 events):
Event: 0.079 loading class java/security/BasicPermissionCollection
Event: 0.079 loading class java/security/BasicPermissionCollection done
Event: 0.081 loading class sun/launcher/LauncherHelper$FXHelper
Event: 0.081 loading class sun/launcher/LauncherHelper$FXHelper done
Event: 0.081 loading class java/lang/Class$MethodArray
Event: 0.081 loading class java/lang/Class$MethodArray done
Event: 0.082 loading class java/lang/Void
Event: 0.082 loading class java/lang/Void done
Event: 0.082 loading class boletin16_2/clasearray
Event: 0.082 loading class boletin16_2/clasearray done


Dynamic libraries:
0x00007ffdffec8000 	/Library/Apple/usr/libexec/oah/runtime
0x00000000000cc000 	/System/Library/Frameworks/Cocoa.framework/Versions/A/Cocoa
0x00000000000cc000 	/System/Library/Frameworks/Security.framework/Versions/A/Security
0x00000000000cc000 	/System/Library/Frameworks/ApplicationServices.framework/Versions/A/ApplicationServices
0x00000000000cc000 	/usr/lib/libz.1.dylib
0x00000000000cc000 	/usr/lib/libSystem.B.dylib
0x00000000000cc000 	/usr/lib/libobjc.A.dylib
0x00000000000cc000 	/System/Library/Frameworks/CoreFoundation.framework/Versions/A/CoreFoundation
0x00000000000cc000 	/System/Library/Frameworks/Foundation.framework/Versions/C/Foundation
0x00000000000cc000 	/System/Library/Frameworks/AppKit.framework/Versions/C/AppKit
0x00000000000cc000 	/System/Library/Frameworks/CoreData.framework/Versions/A/CoreData
0x00000000000cc000 	/System/Library/PrivateFrameworks/UIFoundation.framework/Versions/A/UIFoundation
0x00000000000cc000 	/System/Library/PrivateFrameworks/RemoteViewServices.framework/Versions/A/RemoteViewServices
0x00000000000cc000 	/System/Library/PrivateFrameworks/XCTTargetBootstrap.framework/Versions/A/XCTTargetBootstrap
0x00000000000cc000 	/usr/lib/libspindump.dylib
0x00000000000cc000 	/System/Library/Frameworks/UniformTypeIdentifiers.framework/Versions/A/UniformTypeIdentifiers
0x00000000000cc000 	/usr/lib/libapp_launch_measurement.dylib
0x00000000000cc000 	/System/Library/PrivateFrameworks/CoreAutoLayout.framework/Versions/A/CoreAutoLayout
0x00000000000cc000 	/System/Library/Frameworks/Metal.framework/Versions/A/Metal
0x00000000000cc000 	/usr/lib/liblangid.dylib
0x00000000000cc000 	/System/Library/PrivateFrameworks/CoreSVG.framework/Versions/A/CoreSVG
0x00000000000cc000 	/System/Library/PrivateFrameworks/SkyLight.framework/Versions/A/SkyLight
0x00000000000cc000 	/System/Library/Frameworks/CoreGraphics.framework/Versions/A/CoreGraphics
0x00000000000cc000 	/System/Library/Frameworks/Accelerate.framework/Versions/A/Accelerate
0x00000000000cc000 	/System/Library/PrivateFrameworks/IconServices.framework/Versions/A/IconServices
0x00000000000cc000 	/System/Library/Frameworks/IOSurface.framework/Versions/A/IOSurface
0x00000000000cc000 	/usr/lib/libDiagnosticMessagesClient.dylib
0x00000000000cc000 	/System/Library/PrivateFrameworks/DFRFoundation.framework/Versions/A/DFRFoundation
0x00000000000cc000 	/usr/lib/libicucore.A.dylib
0x00000000000cc000 	/System/Library/Frameworks/AudioToolbox.framework/Versions/A/AudioToolbox
0x00000000000cc000 	/System/Library/PrivateFrameworks/DataDetectorsCore.framework/Versions/A/DataDetectorsCore
0x00000000000cc000 	/System/Library/Frameworks/Carbon.framework/Versions/A/Frameworks/HIToolbox.framework/Versions/A/HIToolbox
0x00000000000cc000 	/System/Library/Frameworks/QuartzCore.framework/Versions/A/QuartzCore
0x00000000000cc000 	/System/Library/Frameworks/Carbon.framework/Versions/A/Frameworks/SpeechRecognition.framework/Versions/A/SpeechRecognition
0x00000000000cc000 	/System/Library/PrivateFrameworks/CoreUI.framework/Versions/A/CoreUI
0x00000000000cc000 	/System/Library/Frameworks/CoreAudio.framework/Versions/A/CoreAudio
0x00000000000cc000 	/System/Library/Frameworks/DiskArbitration.framework/Versions/A/DiskArbitration
0x00000000000cc000 	/System/Library/PrivateFrameworks/MultitouchSupport.framework/Versions/A/MultitouchSupport
0x00000000000cc000 	/System/Library/PrivateFrameworks/InternationalSupport.framework/Versions/A/InternationalSupport
0x00000000000cc000 	/usr/lib/libenergytrace.dylib
0x00000000000cc000 	/System/Library/Frameworks/IOKit.framework/Versions/A/IOKit
0x00000000000cc000 	/System/Library/Frameworks/CoreServices.framework/Versions/A/CoreServices
0x00000000000cc000 	/System/Library/PrivateFrameworks/PerformanceAnalysis.framework/Versions/A/PerformanceAnalysis
0x00000000000cc000 	/System/Library/Frameworks/OpenGL.framework/Versions/A/OpenGL
0x00000000000cc000 	/System/Library/PrivateFrameworks/UserActivity.framework/Versions/A/UserActivity
0x00000000000cc000 	/System/Library/Frameworks/ColorSync.framework/Versions/A/ColorSync
0x00000000000cc000 	/System/Library/Frameworks/CoreImage.framework/Versions/A/CoreImage
0x00000000000cc000 	/System/Library/Frameworks/CoreText.framework/Versions/A/CoreText
0x00000000000cc000 	/System/Library/Frameworks/ImageIO.framework/Versions/A/ImageIO
0x00000000000cc000 	/System/Library/PrivateFrameworks/SoftLinking.framework/Versions/A/SoftLinking
0x00000000000cc000 	/usr/lib/libxml2.2.dylib
0x00000000000cc000 	/usr/lib/libc++.1.dylib
0x00000000000cc000 	/usr/lib/libcompression.dylib
0x00000000000cc000 	/usr/lib/libMobileGestalt.dylib
0x00000000000cc000 	/System/Library/PrivateFrameworks/TextureIO.framework/Versions/A/TextureIO
0x00000000000cc000 	/usr/lib/libate.dylib
0x00000000000cc000 	/usr/lib/system/libcache.dylib
0x00000000000cc000 	/usr/lib/system/libcommonCrypto.dylib
0x00000000000cc000 	/usr/lib/system/libcompiler_rt.dylib
0x00000000000cc000 	/usr/lib/system/libcopyfile.dylib
0x00000000000cc000 	/usr/lib/system/libcorecrypto.dylib
0x00000000000cc000 	/usr/lib/system/libdispatch.dylib
0x00000000000cc000 	/usr/lib/system/libdyld.dylib
0x00000000000cc000 	/usr/lib/system/libkeymgr.dylib
0x00000000000cc000 	/usr/lib/system/liblaunch.dylib
0x00000000000cc000 	/usr/lib/system/libmacho.dylib
0x00000000000cc000 	/usr/lib/system/libquarantine.dylib
0x00000000000cc000 	/usr/lib/system/libremovefile.dylib
0x00000000000cc000 	/usr/lib/system/libsystem_asl.dylib
0x00000000000cc000 	/usr/lib/system/libsystem_blocks.dylib
0x00000000000cc000 	/usr/lib/system/libsystem_c.dylib
0x00000000000cc000 	/usr/lib/system/libsystem_collections.dylib
0x00000000000cc000 	/usr/lib/system/libsystem_configuration.dylib
0x00000000000cc000 	/usr/lib/system/libsystem_containermanager.dylib
0x00000000000cc000 	/usr/lib/system/libsystem_coreservices.dylib
0x00000000000cc000 	/usr/lib/system/libsystem_darwin.dylib
0x00000000000cc000 	/usr/lib/system/libsystem_dnssd.dylib
0x00000000000cc000 	/usr/lib/system/libsystem_featureflags.dylib
0x00000000000cc000 	/usr/lib/system/libsystem_info.dylib
0x00000000000cc000 	/usr/lib/system/libsystem_m.dylib
0x00000000000cc000 	/usr/lib/system/libsystem_malloc.dylib
0x00000000000cc000 	/usr/lib/system/libsystem_networkextension.dylib
0x00000000000cc000 	/usr/lib/system/libsystem_notify.dylib
0x00000000000cc000 	/usr/lib/system/libsystem_product_info_filter.dylib
0x00000000000cc000 	/usr/lib/system/libsystem_sandbox.dylib
0x00000000000cc000 	/usr/lib/system/libsystem_secinit.dylib
0x00000000000cc000 	/usr/lib/system/libsystem_kernel.dylib
0x00000000000cc000 	/usr/lib/system/libsystem_platform.dylib
0x00000000000cc000 	/usr/lib/system/libsystem_pthread.dylib
0x00000000000cc000 	/usr/lib/system/libsystem_symptoms.dylib
0x00000000000cc000 	/usr/lib/system/libsystem_trace.dylib
0x00000000000cc000 	/usr/lib/system/libunwind.dylib
0x00000000000cc000 	/usr/lib/system/libxpc.dylib
0x00000000000cc000 	/usr/lib/libc++abi.dylib
0x00000000000cc000 	/usr/lib/liboah.dylib
0x00000000000cc000 	/usr/lib/liblzma.5.dylib
0x00000000000cc000 	/System/Library/Frameworks/SystemConfiguration.framework/Versions/A/SystemConfiguration
0x00000000000cc000 	/usr/lib/libfakelink.dylib
0x00000000000cc000 	/System/Library/Frameworks/CFNetwork.framework/Versions/A/CFNetwork
0x00000000000cc000 	/usr/lib/libarchive.2.dylib
0x00000000000cc000 	/usr/lib/libCRFSuite.dylib
0x00000000000cc000 	/usr/lib/libbsm.0.dylib
0x00000000000cc000 	/usr/lib/libnetwork.dylib
0x00000000000cc000 	/usr/lib/libpcap.A.dylib
0x00000000000cc000 	/usr/lib/libdns_services.dylib
0x00000000000cc000 	/usr/lib/libcoretls_cfhelpers.dylib
0x00000000000cc000 	/usr/lib/libapple_nghttp2.dylib
0x00000000000cc000 	/usr/lib/system/libkxld.dylib
0x00000000000cc000 	/usr/lib/libsqlite3.dylib
0x00000000000cc000 	/System/Library/PrivateFrameworks/AppleFSCompression.framework/Versions/A/AppleFSCompression
0x00000000000cc000 	/usr/lib/libcoretls.dylib
0x00000000000cc000 	/usr/lib/libpam.2.dylib
0x00000000000cc000 	/usr/lib/libxar.1.dylib
0x00000000000cc000 	/System/Library/PrivateFrameworks/AppleSystemInfo.framework/Versions/A/AppleSystemInfo
0x00000000000cc000 	/System/Library/PrivateFrameworks/IOMobileFramebuffer.framework/Versions/A/IOMobileFramebuffer
0x00000000000cc000 	/usr/lib/libbz2.1.0.dylib
0x00000000000cc000 	/usr/lib/libiconv.2.dylib
0x00000000000cc000 	/usr/lib/libcharset.1.dylib
0x00000000000cc000 	/System/Library/Frameworks/CoreServices.framework/Versions/A/Frameworks/FSEvents.framework/Versions/A/FSEvents
0x00000000000cc000 	/System/Library/Frameworks/CoreServices.framework/Versions/A/Frameworks/CarbonCore.framework/Versions/A/CarbonCore
0x00000000000cc000 	/System/Library/Frameworks/CoreServices.framework/Versions/A/Frameworks/Metadata.framework/Versions/A/Metadata
0x00000000000cc000 	/System/Library/Frameworks/CoreServices.framework/Versions/A/Frameworks/OSServices.framework/Versions/A/OSServices
0x00000000000cc000 	/System/Library/Frameworks/CoreServices.framework/Versions/A/Frameworks/SearchKit.framework/Versions/A/SearchKit
0x00000000000cc000 	/System/Library/Frameworks/CoreServices.framework/Versions/A/Frameworks/AE.framework/Versions/A/AE
0x00000000000cc000 	/System/Library/Frameworks/CoreServices.framework/Versions/A/Frameworks/LaunchServices.framework/Versions/A/LaunchServices
0x00000000000cc000 	/System/Library/Frameworks/CoreServices.framework/Versions/A/Frameworks/DictionaryServices.framework/Versions/A/DictionaryServices
0x00000000000cc000 	/System/Library/Frameworks/CoreServices.framework/Versions/A/Frameworks/SharedFileList.framework/Versions/A/SharedFileList
0x00000000000cc000 	/usr/lib/libCheckFix.dylib
0x00000000000cc000 	/System/Library/PrivateFrameworks/TCC.framework/Versions/A/TCC
0x00000000000cc000 	/System/Library/PrivateFrameworks/CoreNLP.framework/Versions/A/CoreNLP
0x00000000000cc000 	/System/Library/PrivateFrameworks/MetadataUtilities.framework/Versions/A/MetadataUtilities
0x00000000000cc000 	/usr/lib/libmecabra.dylib
0x00000000000cc000 	/System/Library/Frameworks/MLCompute.framework/Versions/A/MLCompute
0x00000000000cc000 	/usr/lib/libmecab.dylib
0x00000000000cc000 	/usr/lib/libgermantok.dylib
0x00000000000cc000 	/usr/lib/libThaiTokenizer.dylib
0x00000000000cc000 	/usr/lib/libChineseTokenizer.dylib
0x00000000000cc000 	/System/Library/Frameworks/MetalPerformanceShaders.framework/Versions/A/MetalPerformanceShaders
0x00000000000cc000 	/System/Library/Frameworks/Accelerate.framework/Versions/A/Frameworks/vImage.framework/Versions/A/vImage
0x00000000000cc000 	/System/Library/Frameworks/Accelerate.framework/Versions/A/Frameworks/vecLib.framework/Versions/A/vecLib
0x00000000000cc000 	/System/Library/Frameworks/Accelerate.framework/Versions/A/Frameworks/vecLib.framework/Versions/A/libvMisc.dylib
0x00000000000cc000 	/System/Library/Frameworks/Accelerate.framework/Versions/A/Frameworks/vecLib.framework/Versions/A/libvDSP.dylib
0x00000000000cc000 	/System/Library/Frameworks/Accelerate.framework/Versions/A/Frameworks/vecLib.framework/Versions/A/libBLAS.dylib
0x00000000000cc000 	/System/Library/Frameworks/Accelerate.framework/Versions/A/Frameworks/vecLib.framework/Versions/A/libLAPACK.dylib
0x00000000000cc000 	/System/Library/Frameworks/Accelerate.framework/Versions/A/Frameworks/vecLib.framework/Versions/A/libLinearAlgebra.dylib
0x00000000000cc000 	/System/Library/Frameworks/Accelerate.framework/Versions/A/Frameworks/vecLib.framework/Versions/A/libSparseBLAS.dylib
0x00000000000cc000 	/System/Library/Frameworks/Accelerate.framework/Versions/A/Frameworks/vecLib.framework/Versions/A/libQuadrature.dylib
0x00000000000cc000 	/System/Library/Frameworks/Accelerate.framework/Versions/A/Frameworks/vecLib.framework/Versions/A/libBNNS.dylib
0x00000000000cc000 	/System/Library/Frameworks/Accelerate.framework/Versions/A/Frameworks/vecLib.framework/Versions/A/libSparse.dylib
0x00000000000cc000 	/System/Library/Frameworks/MetalPerformanceShaders.framework/Versions/A/Frameworks/MPSCore.framework/Versions/A/MPSCore
0x00000000000cc000 	/System/Library/Frameworks/MetalPerformanceShaders.framework/Versions/A/Frameworks/MPSImage.framework/Versions/A/MPSImage
0x00000000000cc000 	/System/Library/Frameworks/MetalPerformanceShaders.framework/Versions/A/Frameworks/MPSNeuralNetwork.framework/Versions/A/MPSNeuralNetwork
0x00000000000cc000 	/System/Library/Frameworks/MetalPerformanceShaders.framework/Versions/A/Frameworks/MPSMatrix.framework/Versions/A/MPSMatrix
0x00000000000cc000 	/System/Library/Frameworks/MetalPerformanceShaders.framework/Versions/A/Frameworks/MPSRayIntersector.framework/Versions/A/MPSRayIntersector
0x00000000000cc000 	/System/Library/Frameworks/MetalPerformanceShaders.framework/Versions/A/Frameworks/MPSNDArray.framework/Versions/A/MPSNDArray
0x00000000000cc000 	/System/Library/PrivateFrameworks/MetalTools.framework/Versions/A/MetalTools
0x00000000000cc000 	/System/Library/PrivateFrameworks/AggregateDictionary.framework/Versions/A/AggregateDictionary
0x00000000000cc000 	/System/Library/PrivateFrameworks/CoreAnalytics.framework/Versions/A/CoreAnalytics
0x00000000000cc000 	/System/Library/PrivateFrameworks/AppleSauce.framework/Versions/A/AppleSauce
0x00000000000cc000 	/System/Library/PrivateFrameworks/IOAccelerator.framework/Versions/A/IOAccelerator
0x00000000000cc000 	/System/Library/Frameworks/OpenGL.framework/Versions/A/Libraries/libCoreFSCache.dylib
0x00000000000cc000 	/System/Library/PrivateFrameworks/LanguageModeling.framework/Versions/A/LanguageModeling
0x00000000000cc000 	/System/Library/PrivateFrameworks/CoreEmoji.framework/Versions/A/CoreEmoji
0x00000000000cc000 	/System/Library/PrivateFrameworks/LinguisticData.framework/Versions/A/LinguisticData
0x00000000000cc000 	/System/Library/PrivateFrameworks/Lexicon.framework/Versions/A/Lexicon
0x00000000000cc000 	/usr/lib/libcmph.dylib
0x00000000000cc000 	/System/Library/Frameworks/OpenDirectory.framework/Versions/A/Frameworks/CFOpenDirectory.framework/Versions/A/CFOpenDirectory
0x00000000000cc000 	/System/Library/Frameworks/OpenDirectory.framework/Versions/A/OpenDirectory
0x00000000000cc000 	/System/Library/PrivateFrameworks/APFS.framework/Versions/A/APFS
0x00000000000cc000 	/System/Library/Frameworks/SecurityFoundation.framework/Versions/A/SecurityFoundation
0x00000000000cc000 	/usr/lib/libutil.dylib
0x00000000000cc000 	/System/Library/PrivateFrameworks/CoreServicesStore.framework/Versions/A/CoreServicesStore
0x00000000000cc000 	/System/Library/Frameworks/ServiceManagement.framework/Versions/A/ServiceManagement
0x00000000000cc000 	/usr/lib/libxslt.1.dylib
0x00000000000cc000 	/System/Library/PrivateFrameworks/BackgroundTaskManagement.framework/Versions/A/BackgroundTaskManagement
0x00000000000cc000 	/System/Library/Frameworks/ImageIO.framework/Versions/A/Resources/libRadiance.dylib
0x00000000000cc000 	/System/Library/Frameworks/ImageIO.framework/Versions/A/Resources/libJPEG.dylib
0x00000000000cc000 	/System/Library/Frameworks/ImageIO.framework/Versions/A/Resources/libPng.dylib
0x00000000000cc000 	/System/Library/Frameworks/ImageIO.framework/Versions/A/Resources/libTIFF.dylib
0x00000000000cc000 	/System/Library/Frameworks/ImageIO.framework/Versions/A/Resources/libGIF.dylib
0x00000000000cc000 	/System/Library/Frameworks/ImageIO.framework/Versions/A/Resources/libJP2.dylib
0x00000000000cc000 	/usr/lib/libexpat.1.dylib
0x00000000000cc000 	/System/Library/PrivateFrameworks/AppleJPEG.framework/Versions/A/AppleJPEG
0x00000000000cc000 	/System/Library/PrivateFrameworks/FontServices.framework/libFontParser.dylib
0x00000000000cc000 	/System/Library/PrivateFrameworks/RunningBoardServices.framework/Versions/A/RunningBoardServices
0x00000000000cc000 	/System/Library/PrivateFrameworks/WatchdogClient.framework/Versions/A/WatchdogClient
0x00000000000cc000 	/System/Library/Frameworks/CoreDisplay.framework/Versions/A/CoreDisplay
0x00000000000cc000 	/System/Library/Frameworks/CoreMedia.framework/Versions/A/CoreMedia
0x00000000000cc000 	/System/Library/Frameworks/CoreVideo.framework/Versions/A/CoreVideo
0x00000000000cc000 	/System/Library/Frameworks/VideoToolbox.framework/Versions/A/VideoToolbox
0x00000000000cc000 	/System/Library/PrivateFrameworks/BaseBoard.framework/Versions/A/BaseBoard
0x00000000000cc000 	/System/Library/PrivateFrameworks/PersistentConnection.framework/Versions/A/PersistentConnection
0x00000000000cc000 	/System/Library/PrivateFrameworks/ProtocolBuffer.framework/Versions/A/ProtocolBuffer
0x00000000000cc000 	/System/Library/PrivateFrameworks/CommonUtilities.framework/Versions/A/CommonUtilities
0x00000000000cc000 	/System/Library/PrivateFrameworks/Bom.framework/Versions/A/Bom
0x00000000000cc000 	/System/Library/PrivateFrameworks/GPUWrangler.framework/Versions/A/GPUWrangler
0x00000000000cc000 	/System/Library/PrivateFrameworks/IOPresentment.framework/Versions/A/IOPresentment
0x00000000000cc000 	/System/Library/PrivateFrameworks/DSExternalDisplay.framework/Versions/A/DSExternalDisplay
0x00000000000cc000 	/System/Library/PrivateFrameworks/CMCaptureCore.framework/Versions/A/CMCaptureCore
0x00000000000cc000 	/System/Library/PrivateFrameworks/AppServerSupport.framework/Versions/A/AppServerSupport
0x00000000000cc000 	/System/Library/PrivateFrameworks/perfdata.framework/Versions/A/perfdata
0x00000000000cc000 	/System/Library/PrivateFrameworks/AssertionServices.framework/Versions/A/AssertionServices
0x00000000000cc000 	/System/Library/PrivateFrameworks/AudioToolboxCore.framework/Versions/A/AudioToolboxCore
0x00000000000cc000 	/System/Library/PrivateFrameworks/caulk.framework/Versions/A/caulk
0x00000000000cc000 	/System/Library/PrivateFrameworks/SystemPolicy.framework/Versions/A/SystemPolicy
0x00000000000cc000 	/usr/lib/libIOReport.dylib
0x00000000000cc000 	/usr/lib/libSMC.dylib
0x00000000000cc000 	/usr/lib/libAudioToolboxUtility.dylib
0x00000000000cc000 	/usr/lib/libmis.dylib
0x00000000000cc000 	/System/Library/Frameworks/OpenGL.framework/Versions/A/Libraries/libGLU.dylib
0x00000000000cc000 	/System/Library/Frameworks/OpenGL.framework/Versions/A/Libraries/libGFXShared.dylib
0x00000000000cc000 	/System/Library/Frameworks/OpenGL.framework/Versions/A/Libraries/libGL.dylib
0x00000000000cc000 	/System/Library/Frameworks/OpenGL.framework/Versions/A/Libraries/libGLImage.dylib
0x00000000000cc000 	/System/Library/Frameworks/OpenGL.framework/Versions/A/Libraries/libCVMSPluginSupport.dylib
0x00000000000cc000 	/System/Library/Frameworks/OpenGL.framework/Versions/A/Libraries/libCoreVMClient.dylib
0x00000000000cc000 	/System/Library/Frameworks/OpenCL.framework/Versions/A/OpenCL
0x00000000000cc000 	/System/Library/PrivateFrameworks/GraphVisualizer.framework/Versions/A/GraphVisualizer
0x00000000000cc000 	/System/Library/PrivateFrameworks/FaceCore.framework/Versions/A/FaceCore
0x00000000000cc000 	/System/Library/PrivateFrameworks/OTSVG.framework/Versions/A/OTSVG
0x00000000000cc000 	/System/Library/Frameworks/ApplicationServices.framework/Versions/A/Frameworks/ATS.framework/Versions/A/Resources/libFontRegistry.dylib
0x00000000000cc000 	/System/Library/PrivateFrameworks/FontServices.framework/libhvf.dylib
0x00000000000cc000 	/System/Library/PrivateFrameworks/AppleVA.framework/Versions/A/AppleVA
0x00000000000cc000 	/System/Library/Frameworks/ApplicationServices.framework/Versions/A/Frameworks/ATS.framework/Versions/A/ATS
0x00000000000cc000 	/System/Library/Frameworks/ApplicationServices.framework/Versions/A/Frameworks/ColorSyncLegacy.framework/Versions/A/ColorSyncLegacy
0x00000000000cc000 	/System/Library/Frameworks/ApplicationServices.framework/Versions/A/Frameworks/HIServices.framework/Versions/A/HIServices
0x00000000000cc000 	/System/Library/Frameworks/ApplicationServices.framework/Versions/A/Frameworks/LangAnalysis.framework/Versions/A/LangAnalysis
0x00000000000cc000 	/System/Library/Frameworks/ApplicationServices.framework/Versions/A/Frameworks/PrintCore.framework/Versions/A/PrintCore
0x00000000000cc000 	/System/Library/Frameworks/ApplicationServices.framework/Versions/A/Frameworks/QD.framework/Versions/A/QD
0x00000000000cc000 	/System/Library/Frameworks/ApplicationServices.framework/Versions/A/Frameworks/SpeechSynthesis.framework/Versions/A/SpeechSynthesis
0x00000000000cc000 	/System/Library/Frameworks/ApplicationServices.framework/Versions/A/Frameworks/ATSUI.framework/Versions/A/ATSUI
0x00000000000cc000 	/usr/lib/libcups.2.dylib
0x00000000000cc000 	/System/Library/PrivateFrameworks/NetAuth.framework/Versions/A/NetAuth
0x00000000000cc000 	/System/Library/Frameworks/Kerberos.framework/Versions/A/Kerberos
0x00000000000cc000 	/System/Library/Frameworks/GSS.framework/Versions/A/GSS
0x00000000000cc000 	/usr/lib/libresolv.9.dylib
0x00000000000cc000 	/System/Library/PrivateFrameworks/Heimdal.framework/Versions/A/Heimdal
0x00000000000cc000 	/System/Library/Frameworks/Kerberos.framework/Versions/A/Libraries/libHeimdalProxy.dylib
0x00000000000cc000 	/System/Library/Frameworks/Network.framework/Versions/A/Network
0x00000000000cc000 	/usr/lib/libheimdal-asn1.dylib
0x00000000000cc000 	/System/Library/PrivateFrameworks/CommonAuth.framework/Versions/A/CommonAuth
0x00000000000cc000 	/System/Library/PrivateFrameworks/login.framework/Versions/A/Frameworks/loginsupport.framework/Versions/A/loginsupport
0x00000000000cc000 	/System/Library/PrivateFrameworks/AudioSession.framework/Versions/A/AudioSession
0x00000000000cc000 	/usr/lib/libAudioStatistics.dylib
0x00000000000cc000 	/System/Library/PrivateFrameworks/MediaExperience.framework/Versions/A/MediaExperience
0x00000000000cc000 	/System/Library/PrivateFrameworks/AudioSession.framework/libSessionUtility.dylib
0x00000000000cc000 	/usr/lib/libperfcheck.dylib
0x00000000000cc000 	/System/Library/PrivateFrameworks/AudioResourceArbitration.framework/Versions/A/AudioResourceArbitration
0x00000000000cc000 	/System/Library/PrivateFrameworks/IconFoundation.framework/Versions/A/IconFoundation
0x00000000000cc000 	/System/Library/PrivateFrameworks/SpeechRecognitionCore.framework/Versions/A/SpeechRecognitionCore
0x0000000110800000 	/Library/Java/JavaVirtualMachines/jdk1.8.0_111.jdk/Contents/Home/jre/lib/server/libjvm.dylib
0x00000000000cc000 	/usr/lib/libstdc++.6.dylib
0x000000010c4c7000 	/Library/Java/JavaVirtualMachines/jdk1.8.0_111.jdk/Contents/Home/jre/lib/libverify.dylib
0x000000010c4e7000 	/Library/Java/JavaVirtualMachines/jdk1.8.0_111.jdk/Contents/Home/jre/lib/libjava.dylib
0x000000010c5ad000 	/Library/Java/JavaVirtualMachines/jdk1.8.0_111.jdk/Contents/Home/jre/lib/libzip.dylib
0x00000000000cc000 	/System/Library/Frameworks/JavaRuntimeSupport.framework/Versions/A/JavaRuntimeSupport
0x00000000000cc000 	/System/Library/Frameworks/Carbon.framework/Versions/A/Carbon
0x00000000000cc000 	/System/Library/PrivateFrameworks/CoreSymbolication.framework/Versions/A/CoreSymbolication
0x00000000000cc000 	/System/Library/Frameworks/Carbon.framework/Versions/A/Frameworks/CommonPanels.framework/Versions/A/CommonPanels
0x00000000000cc000 	/System/Library/Frameworks/Carbon.framework/Versions/A/Frameworks/Help.framework/Versions/A/Help
0x00000000000cc000 	/System/Library/Frameworks/Carbon.framework/Versions/A/Frameworks/ImageCapture.framework/Versions/A/ImageCapture
0x00000000000cc000 	/System/Library/Frameworks/Carbon.framework/Versions/A/Frameworks/OpenScripting.framework/Versions/A/OpenScripting
0x00000000000cc000 	/System/Library/Frameworks/Carbon.framework/Versions/A/Frameworks/Ink.framework/Versions/A/Ink
0x00000000000cc000 	/System/Library/Frameworks/Carbon.framework/Versions/A/Frameworks/Print.framework/Versions/A/Print
0x00000000000cc000 	/System/Library/Frameworks/Carbon.framework/Versions/A/Frameworks/SecurityHI.framework/Versions/A/SecurityHI
0x00000000000cc000 	/System/Library/PrivateFrameworks/DebugSymbols.framework/Versions/A/DebugSymbols

VM Arguments:
jvm_args: -Dfile.encoding=UTF-8 
java_command: boletin16_2.Boletin16_2
java_class_path (initial): /Users/Manuel/NetBeansProjects/Boletin16_2/build/classes
Launcher Type: SUN_STANDARD

Environment Variables:
PATH=/usr/bin:/bin:/usr/sbin:/sbin
LD_LIBRARY_PATH=/Library/Java/JavaVirtualMachines/jdk1.8.0_111.jdk/Contents/Home/jre/lib/amd64:/Library/Java/JavaVirtualMachines/jdk1.8.0_111.jdk/Contents/Home/jre/lib/i386:
SHELL=/bin/zsh

Signal Handlers:
SIGSEGV: [libjvm.dylib+0x5b03ed], sa_mask[0]=11111111111111111111111111111111, sa_flags=SA_ONSTACK|SA_RESTART|SA_SIGINFO
SIGBUS: [libjvm.dylib+0x5b03ed], sa_mask[0]=11111111111111111111111111111111, sa_flags=SA_RESTART|SA_SIGINFO
SIGFPE: [libjvm.dylib+0x48711c], sa_mask[0]=11111111111111111111111111111111, sa_flags=SA_RESTART|SA_SIGINFO
SIGPIPE: [libjvm.dylib+0x48711c], sa_mask[0]=11111111111111111111111111111111, sa_flags=SA_RESTART|SA_SIGINFO
SIGXFSZ: [libjvm.dylib+0x48711c], sa_mask[0]=11111111111111111111111111111111, sa_flags=SA_RESTART|SA_SIGINFO
SIGILL: [libjvm.dylib+0x48711c], sa_mask[0]=11111111111111111111111111111111, sa_flags=SA_RESTART|SA_SIGINFO
SIGUSR1: SIG_DFL, sa_mask[0]=00000000000000000000000000000000, sa_flags=none
SIGUSR2: [libjvm.dylib+0x486c3a], sa_mask[0]=00100000000000000000000000000000, sa_flags=SA_RESTART|SA_SIGINFO
SIGHUP: [libjvm.dylib+0x485211], sa_mask[0]=11111111111111111111111111111111, sa_flags=SA_RESTART|SA_SIGINFO
SIGINT: [libjvm.dylib+0x485211], sa_mask[0]=11111111111111111111111111111111, sa_flags=SA_RESTART|SA_SIGINFO
SIGTERM: [libjvm.dylib+0x485211], sa_mask[0]=11111111111111111111111111111111, sa_flags=SA_RESTART|SA_SIGINFO
SIGQUIT: [libjvm.dylib+0x485211], sa_mask[0]=11111111111111111111111111111111, sa_flags=SA_RESTART|SA_SIGINFO


---------------  S Y S T E M  ---------------

OS:Bsduname:Darwin 20.2.0 Darwin Kernel Version 20.2.0: Wed Dec  2 20:40:21 PST 2020; root:xnu-7195.60.75~1/RELEASE_ARM64_T8101 x86_64
rlimit: STACK 8176k, CORE 0k, NPROC 1333, NOFILE 10240, AS infinity
load average:2.26 2.27 2.05

CPU:total 8 (1 cores per cpu, 1 threads per core) family 6 model 44 stepping 0, cmov, cx8, fxsr, mmx, sse, sse2, sse3, ssse3, sse4.1, sse4.2, popcnt, aes, clmul, tsc, tscinvbit, tscinv

Memory: 4k page, physical 8388608k(130820k free)

/proc/meminfo:


vm_info: Java HotSpot(TM) 64-Bit Server VM (25.111-b14) for bsd-amd64 JRE (1.8.0_111-b14), built on Sep 22 2016 15:31:41 by "java_re" with gcc 4.2.1 (Based on Apple Inc. build 5658) (LLVM build 2336.11.00)

time: Wed Feb 10 14:49:48 2021
elapsed time: 0 seconds (0d 0h 0m 0s)

